#
# A fatal error has been detected by the Java Runtime Environment:
#
#  SIGSEGV (0xb) at pc=0x000000010aa7738d, pid=62077, tid=27427
#
# JRE version: OpenJDK Runtime Environment Temurin-17.0.4.1+1 (17.0.4.1+1) (build 17.0.4.1+1)
# Java VM: OpenJDK 64-Bit Server VM Temurin-17.0.4.1+1 (17.0.4.1+1, mixed mode, tiered, compressed oops, compressed class ptrs, g1 gc, bsd-amd64)
# Problematic frame:
# V  [libjvm.dylib+0xa5438d]  Symbol::as_C_string() const+0xd
#
# No core dump will be written. Core dumps have been disabled. To enable core dumping, try "ulimit -c unlimited" before starting Java again
#
# If you would like to submit a bug report, please visit:
#   https://github.com/adoptium/adoptium-support/issues
#

---------------  S U M M A R Y ------------

Command Line: -XX:+ShowCodeDetailsInExceptionMessages -agentlib:jdwp=transport=dt_socket,suspend=y,address=localhost:54151 -ea -javaagent:/Users/alexanderdubrovin/eclipse/java-2022-09/Eclipse.app/Contents/Eclipse/configuration/org.eclipse.osgi/220/0/.cp/lib/javaagent-shaded.jar -Dfile.encoding=UTF-8 org.eclipse.jdt.internal.junit.runner.RemoteTestRunner -version 3 -port 54150 -testLoaderClass org.eclipse.jdt.internal.junit5.runner.JUnit5TestLoader -loaderpluginname org.eclipse.jdt.junit5.runtime -classNames telran.util.test.LnkedHashSetTest

Host: "MacBookPro18,3" x86_64 (EMULATED) 2400 MHz, 8 cores, 32G, Darwin 22.2.0, macOS 10.16 (22C65)
Time: Sat Jul 29 20:38:31 2023 IDT elapsed time: 1272.566006 seconds (0d 0h 21m 12s)

---------------  T H R E A D  ---------------

Current thread (0x00007f938f82aa00):  JavaThread "JDWP Transport Listener: dt_socket" daemon [_thread_in_vm, id=27427, stack(0x0000000306654000,0x0000000306754000)]

Stack: [0x0000000306654000,0x0000000306754000],  sp=0x0000000306753ab0,  free space=1022k
Native frames: (J=compiled Java code, j=interpreted, Vv=VM code, C=native code)
V  [libjvm.dylib+0xa5438d]  Symbol::as_C_string() const+0xd
V  [libjvm.dylib+0x6cd7a2]  JvmtiEnv::GetClassSignature(oopDesc*, char**, char**)+0x152
V  [libjvm.dylib+0x68bab4]  jvmti_GetClassSignature(_jvmtiEnv*, _jclass*, char**, char**)+0x154
C  [libjdwp.dylib+0x2b72a]  classSignature+0x7a
C  [libjdwp.dylib+0x5fd3]  signatureWithGeneric+0x53
C  [libjdwp.dylib+0x112c9]  debugLoop_run+0x1f9
C  [libjdwp.dylib+0x25eb6]  attachThread+0x76
V  [libjvm.dylib+0x6e6de1]  JvmtiAgentThread::call_start_function()+0x81
V  [libjvm.dylib+0xaa3acf]  JavaThread::thread_main_inner()+0x14f
V  [libjvm.dylib+0xaa1e4a]  Thread::call_run()+0x11a
V  [libjvm.dylib+0x8ae6db]  thread_native_entry(Thread*)+0x14b
C  [libsystem_pthread.dylib+0x6259]  _pthread_start+0x7d
C  [libsystem_pthread.dylib+0x1c7b]  thread_start+0xf


siginfo: si_signo: 11 (SIGSEGV), si_code: 1 (SEGV_MAPERR), si_addr: 0x0000000000570017

Register to memory mapping:

RAX=0x000000013625e898 is pointing into metadata
RBX=0x0000000000570013 is an unknown value
RCX=0x0000000000000058 is an unknown value
RDX=0x0 is NULL
RSP=0x0000000306753ab0 is pointing into the stack for thread: 0x00007f938f82aa00
RBP=0x0000000306753ad0 is pointing into the stack for thread: 0x00007f938f82aa00
RSI=0x00007f93bf70d3bc points into unknown readable memory: 2f 49 74 65
RDI=0x0000000000570013 is an unknown value
R8 =0x0 is NULL
R9 =0x0000000000002b00 is an unknown value
R10=0x0000000000000020 is an unknown value
R11=0x000000009e44e963 is an unknown value
R12=0x00006000024ee160 points into unknown readable memory: 0x0000000000000002 | 02 00 00 00 00 00 00 00
R13=0x00007f93bf70d758 points into unknown readable memory: 0x0000000000000000 | 00 00 00 00 00 00 00 00
R14=0x0000000800198428 is a pointer to class: 
telran.util.LinkedHashSet {0x0000000800198428}
 - instance size:     3
 - klass size:        106
 - access:            public synchronized 
 - state:             fully_initialized
 - name:              'telran/util/LinkedHashSet'
 - super:             'java/lang/Object'
 - sub:               
 - arrays:            NULL
 - methods:           Array<T>(0x000000013649b9d0)
 - method ordering:   Array<T>(0x000000013625e878)
 - default_methods:   Array<T>(0x0000000136493a38)
 - default vtable indices:   Array<T>(0x0000000136493a80)
 - local interfaces:  Array<T>(0x0000000136492cf8)
 - trans. interfaces: Array<T>(0x00000001364939f8)
 - constants:         constant pool [95] {0x000000013625e898} for 'telran/util/LinkedHashSet' cache=0x0000000136275af8
 - class loader data:  loader data: 0x0000600001bf9360 for instance a 'jdk/internal/loader/ClassLoaders$AppClassLoader'{0x000000061e400948}
 - source file:       'LinkedHashSet.java'
 - source debug extension:       SMAP
LinkedHashSet.java
Java
*S jdt
*F
1 LinkedHashSet.java
2 file:/Users/alexanderdubrovin/eclipse-workspace/telran_collections/bin/
*L
*E

 - class annotations:       Array<T>(0x0000000000000000)
 - class type annotations:  Array<T>(0x0000000000000000)
 - field annotations:       Array<T>(0x0000000000000000)
 - field type annotations:  Array<T>(0x0000000000000000)
 - generic signature: '
[error occurred during error reporting (printing register info), id 0xb, SIGSEGV (0xb) at pc=0x000000010aa787a2]

Registers:
RAX=0x000000013625e898, RBX=0x0000000000570013, RCX=0x0000000000000058, RDX=0x0000000000000000
RSP=0x0000000306753ab0, RBP=0x0000000306753ad0, RSI=0x00007f93bf70d3bc, RDI=0x0000000000570013
R8 =0x0000000000000000, R9 =0x0000000000002b00, R10=0x0000000000000020, R11=0x000000009e44e963
R12=0x00006000024ee160, R13=0x00007f93bf70d758, R14=0x0000000800198428, R15=0x0000000000000000
RIP=0x000000010aa7738d, EFLAGS=0x0000000000000203, ERR=0x0000000000000004
  TRAPNO=0x000000000000000e

Top of Stack: (sp=0x0000000306753ab0)
0x0000000306753ab0:   000000013625e898 0000600002a92b00
0x0000000306753ac0:   0000000800198428 0000000000000000
0x0000000306753ad0:   0000000306753b40 000000010a6f07a2
0x0000000306753ae0:   00007f93bf70d370 00007f93bf70d380
0x0000000306753af0:   00000000000003d8 0000000306753bb8
0x0000000306753b00:   0000000306753c00 00007f93c0804c90
0x0000000306753b10:   00007f93bf70d758 0000000306753bb8
0x0000000306753b20:   00007f93c0804c90 00007f938f82aa00
0x0000000306753b30:   000000061f175d90 0000000000000015
0x0000000306753b40:   0000000306753ba0 000000010a6aeab4
0x0000000306753b50:   00007f938f82aa00 0000000000000000
0x0000000306753b60:   0000000300000000 0000000000000000
0x0000000306753b70:   0000000306753c00 0000000306753c30
0x0000000306753b80:   0000000306753bf8 0000600002a92b80
0x0000000306753b90:   0000000306753c00 00007f939f705328
0x0000000306753ba0:   0000000306753be0 0000000108f8172a
0x0000000306753bb0:   0000000306753be0 0000600002a92b00
0x0000000306753bc0:   0000000306753c30 0000000108f8c4d8
0x0000000306753bd0:   0000000306753c88 00007f939f705328
0x0000000306753be0:   0000000306753c20 0000000108f5bfd3
0x0000000306753bf0:   000000000002328d 0000000000000000
0x0000000306753c00:   0000000000000000 0000000108f5bf80
0x0000000306753c10:   0000000306753c88 0000000306753c30
0x0000000306753c20:   0000000306753e40 0000000108f672c9
0x0000000306753c30:   00006000028032b8 0000000000000000
0x0000000306753c40:   0002328d00000013 000000010a0d0200
0x0000000306753c50:   00006000028032b0 0000600002a92b80
0x0000000306753c60:   0000000108f84dd6 0000000108f84f9e
0x0000000306753c70:   0002328d00000013 000000010a0d0200
0x0000000306753c80:   00006000028032b0 0000000306753cd8
0x0000000306753c90:   00007f930000012c 0000000306753ca0
0x0000000306753ca0:   00007f9300000000 0000000306753cd8 

Instructions: (pc=0x000000010aa7738d)
0x000000010aa7728d:   c1 7c f0 eb 03 45 31 c0 42 c6 04 06 00 48 89 f0
0x000000010aa7729d:   5d c3 4c 89 c1 48 83 e1 e0 48 8d 51 e0 48 89 d0
0x000000010aa772ad:   48 c1 e8 05 48 ff c0 41 89 c1 41 83 e1 03 48 83
0x000000010aa772bd:   fa 60 73 0c 31 c0 4d 85 c9 75 76 e9 9f 00 00 00
0x000000010aa772cd:   ba 01 00 00 00 48 29 c2 49 8d 54 11 ff 31 c0 0f
0x000000010aa772dd:   1f 40 00 0f 10 44 07 06 0f 10 4c 07 16 0f 11 04
0x000000010aa772ed:   06 0f 11 4c 06 10 0f 10 44 07 26 0f 10 4c 07 36
0x000000010aa772fd:   0f 11 44 06 20 0f 11 4c 06 30 0f 10 44 07 46 0f
0x000000010aa7730d:   10 4c 07 56 0f 11 44 06 40 0f 11 4c 06 50 0f 10
0x000000010aa7731d:   44 07 66 0f 10 4c 07 76 0f 11 44 06 60 0f 11 4c
0x000000010aa7732d:   06 70 48 83 e8 80 48 83 c2 04 75 a7 4d 85 c9 74
0x000000010aa7733d:   2e 49 f7 d9 66 2e 0f 1f 84 00 00 00 00 00 0f 1f
0x000000010aa7734d:   44 00 00 0f 10 44 07 06 0f 10 4c 07 16 0f 11 04
0x000000010aa7735d:   06 0f 11 4c 06 10 48 83 c0 20 49 ff c1 75 e4 4c
0x000000010aa7736d:   39 c1 0f 85 0b ff ff ff e9 1b ff ff ff 66 0f 1f
0x000000010aa7737d:   44 00 00 55 48 89 e5 41 57 41 56 53 50 48 89 fb
0x000000010aa7738d:   44 0f b7 7f 04 49 8d 7f 01 45 31 f6 31 f6 e8 f0
0x000000010aa7739d:   f6 ed ff 0f b7 4b 04 41 39 cf 41 0f 42 cf 85 c9
0x000000010aa773ad:   0f 8e 3d 01 00 00 41 89 ce 83 f9 01 41 b8 01 00
0x000000010aa773bd:   00 00 4d 0f 47 c6 49 83 f8 20 73 07 31 d2 e9 10
0x000000010aa773cd:   01 00 00 49 83 fe 01 b9 01 00 00 00 49 0f 47 ce
0x000000010aa773dd:   48 8d 54 0b 06 48 39 d0 73 16 48 89 c2 48 01 ca
0x000000010aa773ed:   48 8d 4b 06 48 39 d1 73 07 31 d2 e9 e3 00 00 00
0x000000010aa773fd:   44 89 c2 83 e2 e0 48 8d 7a e0 48 89 f9 48 c1 e9
0x000000010aa7740d:   05 48 ff c1 89 ce 83 e6 03 48 83 ff 60 73 0c 31
0x000000010aa7741d:   ff 48 85 f6 75 7b e9 a4 00 00 00 bf 01 00 00 00
0x000000010aa7742d:   48 29 cf 48 8d 4c 3e ff 31 ff 66 0f 1f 84 00 00
0x000000010aa7743d:   00 00 00 0f 10 44 3b 06 0f 10 4c 3b 16 0f 11 04
0x000000010aa7744d:   38 0f 11 4c 38 10 0f 10 44 3b 26 0f 10 4c 3b 36
0x000000010aa7745d:   0f 11 44 38 20 0f 11 4c 38 30 0f 10 44 3b 46 0f
0x000000010aa7746d:   10 4c 3b 56 0f 11 44 38 40 0f 11 4c 38 50 0f 10
0x000000010aa7747d:   44 3b 66 0f 10 4c 3b 76 0f 11 44 38 60 0f 11 4c 


Stack slot to memory mapping:
stack at sp + 0 slots: 0x000000013625e898 is pointing into metadata
stack at sp + 1 slots: 0x0000600002a92b00 points into unknown readable memory: 0x2f6e61726c65744c | 4c 74 65 6c 72 61 6e 2f
stack at sp + 2 slots: 0x0000000800198428 is a pointer to class: 
telran.util.LinkedHashSet {0x0000000800198428}
 - instance size:     3
 - klass size:        106
 - access:            public synchronized 
 - state:             fully_initialized
 - name:              'telran/util/LinkedHashSet'
 - super:             'java/lang/Object'
 - sub:               
 - arrays:            NULL
 - methods:           Array<T>(0x000000013649b9d0)
 - method ordering:   Array<T>(0x000000013625e878)
 - default_methods:   Array<T>(0x0000000136493a38)
 - default vtable indices:   Array<T>(0x0000000136493a80)
 - local interfaces:  Array<T>(0x0000000136492cf8)
 - trans. interfaces: Array<T>(0x00000001364939f8)
 - constants:         constant pool [95] {0x000000013625e898} for 'telran/util/LinkedHashSet' cache=0x0000000136275af8
 - class loader data:  loader data: 0x0000600001bf9360 for instance a 'jdk/internal/loader/ClassLoaders$AppClassLoader'{0x000000061e400948}
 - source file:       'LinkedHashSet.java'
 - source debug extension:       SMAP
LinkedHashSet.java
Java
*S jdt
*F
1 LinkedHashSet.java
2 file:/Users/alexanderdubrovin/eclipse-workspace/telran_collections/bin/
*L
*E

 - class annotations:       Array<T>(0x0000000000000000)
 - class type annotations:  Array<T>(0x0000000000000000)
 - field annotations:       Array<T>(0x0000000000000000)
 - field type annotations:  Array<T>(0x0000000000000000)
 - generic signature: '
[error occurred during error reporting (inspecting top of stack), id 0xb, SIGSEGV (0xb) at pc=0x000000010aa787a2]


---------------  P R O C E S S  ---------------

Threads class SMR info:
_java_thread_list=0x0000600002ab1500, length=15, elements={
0x00007f93bf80d000, 0x00007f93c00e8800, 0x00007f93c00e8e00, 0x00007f93bf853c00,
0x00007f93bf854200, 0x00007f93bf854800, 0x00007f93bf854e00, 0x00007f93bf846000,
0x00007f93bf846600, 0x00007f93bf846c00, 0x00007f938f82aa00, 0x00007f938f85c200,
0x00007f938f85c800, 0x00007f938f863600, 0x00007f938f85d800
}

Java Threads: ( => current thread )
  0x00007f93bf80d000 JavaThread "main" [_thread_blocked, id=8707, stack(0x0000000305515000,0x0000000305615000)]
  0x00007f93c00e8800 JavaThread "Reference Handler" daemon [_thread_blocked, id=32327, stack(0x0000000305c2a000,0x0000000305d2a000)]
  0x00007f93c00e8e00 JavaThread "Finalizer" daemon [_thread_blocked, id=32003, stack(0x0000000305d2d000,0x0000000305e2d000)]
  0x00007f93bf853c00 JavaThread "Signal Dispatcher" daemon [_thread_blocked, id=30467, stack(0x0000000305f3f000,0x000000030603f000)]
  0x00007f93bf854200 JavaThread "Service Thread" daemon [_thread_blocked, id=29955, stack(0x0000000306042000,0x0000000306142000)]
  0x00007f93bf854800 JavaThread "Monitor Deflation Thread" daemon [_thread_blocked, id=25347, stack(0x0000000306145000,0x0000000306245000)]
  0x00007f93bf854e00 JavaThread "C2 CompilerThread0" daemon [_thread_blocked, id=25603, stack(0x0000000306248000,0x0000000306348000)]
  0x00007f93bf846000 JavaThread "C1 CompilerThread0" daemon [_thread_blocked, id=25859, stack(0x000000030634b000,0x000000030644b000)]
  0x00007f93bf846600 JavaThread "Sweeper thread" daemon [_thread_blocked, id=28931, stack(0x000000030644e000,0x000000030654e000)]
  0x00007f93bf846c00 JavaThread "Common-Cleaner" daemon [_thread_blocked, id=28547, stack(0x0000000306551000,0x0000000306651000)]
=>0x00007f938f82aa00 JavaThread "JDWP Transport Listener: dt_socket" daemon [_thread_in_vm, id=27427, stack(0x0000000306654000,0x0000000306754000)]
  0x00007f938f85c200 JavaThread "JDWP Event Helper Thread" daemon [_thread_blocked, id=32771, stack(0x0000000306757000,0x0000000306857000)]
  0x00007f938f85c800 JavaThread "JDWP Command Reader" daemon [_thread_in_native, id=33539, stack(0x000000030685a000,0x000000030695a000)]
  0x00007f938f863600 JavaThread "Notification Thread" daemon [_thread_blocked, id=34379, stack(0x000000030695d000,0x0000000306a5d000)]
  0x00007f938f85d800 JavaThread "ReaderThread" [_thread_in_native, id=41999, stack(0x0000000306b63000,0x0000000306c63000)]

Other Threads:
  0x00007f93c080b340 VMThread "VM Thread" [stack: 0x0000000305b27000,0x0000000305c27000] [id=22019]
  0x00007f939810a610 WatcherThread [stack: 0x0000000306a60000,0x0000000306b60000] [id=42243]
  0x00007f93bf708660 GCTaskThread "GC Thread#0" [stack: 0x0000000305618000,0x0000000305718000] [id=21507]
  0x00007f93bf730350 GCTaskThread "GC Thread#1" [stack: 0x0000000306c66000,0x0000000306d66000] [id=41707]
  0x00007f9398112af0 GCTaskThread "GC Thread#2" [stack: 0x0000000306d69000,0x0000000306e69000] [id=35331]
  0x00007f93c081fa30 GCTaskThread "GC Thread#3" [stack: 0x0000000306e6c000,0x0000000306f6c000] [id=35587]
  0x00007f93c08202b0 GCTaskThread "GC Thread#4" [stack: 0x0000000306f6f000,0x000000030706f000] [id=40451]
  0x00007f93c0820b10 GCTaskThread "GC Thread#5" [stack: 0x0000000307072000,0x0000000307172000] [id=35843]
  0x00007f93c0821370 GCTaskThread "GC Thread#6" [stack: 0x0000000307175000,0x0000000307275000] [id=36355]
  0x00007f93c0821bd0 GCTaskThread "GC Thread#7" [stack: 0x0000000307278000,0x0000000307378000] [id=36867]
  0x00007f93bf708d00 ConcurrentGCThread "G1 Main Marker" [stack: 0x000000030571b000,0x000000030581b000] [id=16643]
  0x00007f93bf709580 ConcurrentGCThread "G1 Conc#0" [stack: 0x000000030581e000,0x000000030591e000] [id=16899]
  0x00007f93c08071f0 ConcurrentGCThread "G1 Refine#0" [stack: 0x0000000305921000,0x0000000305a21000] [id=19971]
  0x00007f93c0807a80 ConcurrentGCThread "G1 Service" [stack: 0x0000000305a24000,0x0000000305b24000] [id=17411]

Threads with active compile tasks:

VM state: not at safepoint (normal execution)

VM Mutex/Monitor currently owned by a thread: None

Heap address: 0x0000000600000000, size: 8192 MB, Compressed Oops mode: Zero based, Oop shift amount: 3

CDS archive(s) not mapped
Compressed class space mapped at: 0x0000000800000000-0x0000000840000000, reserved size: 1073741824
Narrow klass base: 0x0000000800000000, Narrow klass shift: 0, Narrow klass range: 0x40000000

GC Precious Log:
 CPUs: 8 total, 8 available
 Memory: 32768M
 Large Page Support: Disabled
 NUMA Support: Disabled
 Compressed Oops: Enabled (Zero based)
 Heap Region Size: 4M
 Heap Min Capacity: 8M
 Heap Initial Capacity: 512M
 Heap Max Capacity: 8G
 Pre-touch: Disabled
 Parallel Workers: 8
 Concurrent Workers: 2
 Concurrent Refinement Workers: 8
 Periodic GC: Disabled

Heap:
 garbage-first heap   total 524288K, used 14689K [0x0000000600000000, 0x0000000800000000)
  region size 4096K, 5 young (20480K), 1 survivors (4096K)
 Metaspace       used 14837K, committed 14976K, reserved 1064960K
  class space    used 1549K, committed 1600K, reserved 1048576K

Heap Regions: E=young(eden), S=young(survivor), O=old, HS=humongous(starts), HC=humongous(continues), CS=collection set, F=free, OA=open archive, CA=closed archive, TAMS=top-at-mark-start (previous, next)
|   0|0x0000000600000000, 0x0000000600000000, 0x0000000600400000|  0%| F|  |TAMS 0x0000000600000000, 0x0000000600000000| Untracked 
|   1|0x0000000600400000, 0x0000000600400000, 0x0000000600800000|  0%| F|  |TAMS 0x0000000600400000, 0x0000000600400000| Untracked 
|   2|0x0000000600800000, 0x0000000600800000, 0x0000000600c00000|  0%| F|  |TAMS 0x0000000600800000, 0x0000000600800000| Untracked 
|   3|0x0000000600c00000, 0x0000000600c00000, 0x0000000601000000|  0%| F|  |TAMS 0x0000000600c00000, 0x0000000600c00000| Untracked 
|   4|0x0000000601000000, 0x0000000601000000, 0x0000000601400000|  0%| F|  |TAMS 0x0000000601000000, 0x0000000601000000| Untracked 
|   5|0x0000000601400000, 0x0000000601400000, 0x0000000601800000|  0%| F|  |TAMS 0x0000000601400000, 0x0000000601400000| Untracked 
|   6|0x0000000601800000, 0x0000000601800000, 0x0000000601c00000|  0%| F|  |TAMS 0x0000000601800000, 0x0000000601800000| Untracked 
|   7|0x0000000601c00000, 0x0000000601c00000, 0x0000000602000000|  0%| F|  |TAMS 0x0000000601c00000, 0x0000000601c00000| Untracked 
|   8|0x0000000602000000, 0x0000000602000000, 0x0000000602400000|  0%| F|  |TAMS 0x0000000602000000, 0x0000000602000000| Untracked 
|   9|0x0000000602400000, 0x0000000602400000, 0x0000000602800000|  0%| F|  |TAMS 0x0000000602400000, 0x0000000602400000| Untracked 
|  10|0x0000000602800000, 0x0000000602800000, 0x0000000602c00000|  0%| F|  |TAMS 0x0000000602800000, 0x0000000602800000| Untracked 
|  11|0x0000000602c00000, 0x0000000602c00000, 0x0000000603000000|  0%| F|  |TAMS 0x0000000602c00000, 0x0000000602c00000| Untracked 
|  12|0x0000000603000000, 0x0000000603000000, 0x0000000603400000|  0%| F|  |TAMS 0x0000000603000000, 0x0000000603000000| Untracked 
|  13|0x0000000603400000, 0x0000000603400000, 0x0000000603800000|  0%| F|  |TAMS 0x0000000603400000, 0x0000000603400000| Untracked 
|  14|0x0000000603800000, 0x0000000603800000, 0x0000000603c00000|  0%| F|  |TAMS 0x0000000603800000, 0x0000000603800000| Untracked 
|  15|0x0000000603c00000, 0x0000000603c00000, 0x0000000604000000|  0%| F|  |TAMS 0x0000000603c00000, 0x0000000603c00000| Untracked 
|  16|0x0000000604000000, 0x0000000604000000, 0x0000000604400000|  0%| F|  |TAMS 0x0000000604000000, 0x0000000604000000| Untracked 
|  17|0x0000000604400000, 0x0000000604400000, 0x0000000604800000|  0%| F|  |TAMS 0x0000000604400000, 0x0000000604400000| Untracked 
|  18|0x0000000604800000, 0x0000000604800000, 0x0000000604c00000|  0%| F|  |TAMS 0x0000000604800000, 0x0000000604800000| Untracked 
|  19|0x0000000604c00000, 0x0000000604c00000, 0x0000000605000000|  0%| F|  |TAMS 0x0000000604c00000, 0x0000000604c00000| Untracked 
|  20|0x0000000605000000, 0x0000000605000000, 0x0000000605400000|  0%| F|  |TAMS 0x0000000605000000, 0x0000000605000000| Untracked 
|  21|0x0000000605400000, 0x0000000605400000, 0x0000000605800000|  0%| F|  |TAMS 0x0000000605400000, 0x0000000605400000| Untracked 
|  22|0x0000000605800000, 0x0000000605800000, 0x0000000605c00000|  0%| F|  |TAMS 0x0000000605800000, 0x0000000605800000| Untracked 
|  23|0x0000000605c00000, 0x0000000605c00000, 0x0000000606000000|  0%| F|  |TAMS 0x0000000605c00000, 0x0000000605c00000| Untracked 
|  24|0x0000000606000000, 0x0000000606000000, 0x0000000606400000|  0%| F|  |TAMS 0x0000000606000000, 0x0000000606000000| Untracked 
|  25|0x0000000606400000, 0x0000000606400000, 0x0000000606800000|  0%| F|  |TAMS 0x0000000606400000, 0x0000000606400000| Untracked 
|  26|0x0000000606800000, 0x0000000606800000, 0x0000000606c00000|  0%| F|  |TAMS 0x0000000606800000, 0x0000000606800000| Untracked 
|  27|0x0000000606c00000, 0x0000000606c00000, 0x0000000607000000|  0%| F|  |TAMS 0x0000000606c00000, 0x0000000606c00000| Untracked 
|  28|0x0000000607000000, 0x0000000607000000, 0x0000000607400000|  0%| F|  |TAMS 0x0000000607000000, 0x0000000607000000| Untracked 
|  29|0x0000000607400000, 0x0000000607400000, 0x0000000607800000|  0%| F|  |TAMS 0x0000000607400000, 0x0000000607400000| Untracked 
|  30|0x0000000607800000, 0x0000000607800000, 0x0000000607c00000|  0%| F|  |TAMS 0x0000000607800000, 0x0000000607800000| Untracked 
|  31|0x0000000607c00000, 0x0000000607c00000, 0x0000000608000000|  0%| F|  |TAMS 0x0000000607c00000, 0x0000000607c00000| Untracked 
|  32|0x0000000608000000, 0x0000000608000000, 0x0000000608400000|  0%| F|  |TAMS 0x0000000608000000, 0x0000000608000000| Untracked 
|  33|0x0000000608400000, 0x0000000608400000, 0x0000000608800000|  0%| F|  |TAMS 0x0000000608400000, 0x0000000608400000| Untracked 
|  34|0x0000000608800000, 0x0000000608800000, 0x0000000608c00000|  0%| F|  |TAMS 0x0000000608800000, 0x0000000608800000| Untracked 
|  35|0x0000000608c00000, 0x0000000608c00000, 0x0000000609000000|  0%| F|  |TAMS 0x0000000608c00000, 0x0000000608c00000| Untracked 
|  36|0x0000000609000000, 0x0000000609000000, 0x0000000609400000|  0%| F|  |TAMS 0x0000000609000000, 0x0000000609000000| Untracked 
|  37|0x0000000609400000, 0x0000000609400000, 0x0000000609800000|  0%| F|  |TAMS 0x0000000609400000, 0x0000000609400000| Untracked 
|  38|0x0000000609800000, 0x0000000609800000, 0x0000000609c00000|  0%| F|  |TAMS 0x0000000609800000, 0x0000000609800000| Untracked 
|  39|0x0000000609c00000, 0x0000000609c00000, 0x000000060a000000|  0%| F|  |TAMS 0x0000000609c00000, 0x0000000609c00000| Untracked 
|  40|0x000000060a000000, 0x000000060a000000, 0x000000060a400000|  0%| F|  |TAMS 0x000000060a000000, 0x000000060a000000| Untracked 
|  41|0x000000060a400000, 0x000000060a400000, 0x000000060a800000|  0%| F|  |TAMS 0x000000060a400000, 0x000000060a400000| Untracked 
|  42|0x000000060a800000, 0x000000060a800000, 0x000000060ac00000|  0%| F|  |TAMS 0x000000060a800000, 0x000000060a800000| Untracked 
|  43|0x000000060ac00000, 0x000000060ac00000, 0x000000060b000000|  0%| F|  |TAMS 0x000000060ac00000, 0x000000060ac00000| Untracked 
|  44|0x000000060b000000, 0x000000060b000000, 0x000000060b400000|  0%| F|  |TAMS 0x000000060b000000, 0x000000060b000000| Untracked 
|  45|0x000000060b400000, 0x000000060b400000, 0x000000060b800000|  0%| F|  |TAMS 0x000000060b400000, 0x000000060b400000| Untracked 
|  46|0x000000060b800000, 0x000000060b800000, 0x000000060bc00000|  0%| F|  |TAMS 0x000000060b800000, 0x000000060b800000| Untracked 
|  47|0x000000060bc00000, 0x000000060bc00000, 0x000000060c000000|  0%| F|  |TAMS 0x000000060bc00000, 0x000000060bc00000| Untracked 
|  48|0x000000060c000000, 0x000000060c000000, 0x000000060c400000|  0%| F|  |TAMS 0x000000060c000000, 0x000000060c000000| Untracked 
|  49|0x000000060c400000, 0x000000060c400000, 0x000000060c800000|  0%| F|  |TAMS 0x000000060c400000, 0x000000060c400000| Untracked 
|  50|0x000000060c800000, 0x000000060c800000, 0x000000060cc00000|  0%| F|  |TAMS 0x000000060c800000, 0x000000060c800000| Untracked 
|  51|0x000000060cc00000, 0x000000060cc00000, 0x000000060d000000|  0%| F|  |TAMS 0x000000060cc00000, 0x000000060cc00000| Untracked 
|  52|0x000000060d000000, 0x000000060d000000, 0x000000060d400000|  0%| F|  |TAMS 0x000000060d000000, 0x000000060d000000| Untracked 
|  53|0x000000060d400000, 0x000000060d400000, 0x000000060d800000|  0%| F|  |TAMS 0x000000060d400000, 0x000000060d400000| Untracked 
|  54|0x000000060d800000, 0x000000060d800000, 0x000000060dc00000|  0%| F|  |TAMS 0x000000060d800000, 0x000000060d800000| Untracked 
|  55|0x000000060dc00000, 0x000000060dc00000, 0x000000060e000000|  0%| F|  |TAMS 0x000000060dc00000, 0x000000060dc00000| Untracked 
|  56|0x000000060e000000, 0x000000060e000000, 0x000000060e400000|  0%| F|  |TAMS 0x000000060e000000, 0x000000060e000000| Untracked 
|  57|0x000000060e400000, 0x000000060e400000, 0x000000060e800000|  0%| F|  |TAMS 0x000000060e400000, 0x000000060e400000| Untracked 
|  58|0x000000060e800000, 0x000000060e800000, 0x000000060ec00000|  0%| F|  |TAMS 0x000000060e800000, 0x000000060e800000| Untracked 
|  59|0x000000060ec00000, 0x000000060ec00000, 0x000000060f000000|  0%| F|  |TAMS 0x000000060ec00000, 0x000000060ec00000| Untracked 
|  60|0x000000060f000000, 0x000000060f000000, 0x000000060f400000|  0%| F|  |TAMS 0x000000060f000000, 0x000000060f000000| Untracked 
|  61|0x000000060f400000, 0x000000060f400000, 0x000000060f800000|  0%| F|  |TAMS 0x000000060f400000, 0x000000060f400000| Untracked 
|  62|0x000000060f800000, 0x000000060f800000, 0x000000060fc00000|  0%| F|  |TAMS 0x000000060f800000, 0x000000060f800000| Untracked 
|  63|0x000000060fc00000, 0x000000060fc00000, 0x0000000610000000|  0%| F|  |TAMS 0x000000060fc00000, 0x000000060fc00000| Untracked 
|  64|0x0000000610000000, 0x0000000610000000, 0x0000000610400000|  0%| F|  |TAMS 0x0000000610000000, 0x0000000610000000| Untracked 
|  65|0x0000000610400000, 0x0000000610400000, 0x0000000610800000|  0%| F|  |TAMS 0x0000000610400000, 0x0000000610400000| Untracked 
|  66|0x0000000610800000, 0x0000000610800000, 0x0000000610c00000|  0%| F|  |TAMS 0x0000000610800000, 0x0000000610800000| Untracked 
|  67|0x0000000610c00000, 0x0000000610c00000, 0x0000000611000000|  0%| F|  |TAMS 0x0000000610c00000, 0x0000000610c00000| Untracked 
|  68|0x0000000611000000, 0x0000000611000000, 0x0000000611400000|  0%| F|  |TAMS 0x0000000611000000, 0x0000000611000000| Untracked 
|  69|0x0000000611400000, 0x0000000611400000, 0x0000000611800000|  0%| F|  |TAMS 0x0000000611400000, 0x0000000611400000| Untracked 
|  70|0x0000000611800000, 0x0000000611800000, 0x0000000611c00000|  0%| F|  |TAMS 0x0000000611800000, 0x0000000611800000| Untracked 
|  71|0x0000000611c00000, 0x0000000611c00000, 0x0000000612000000|  0%| F|  |TAMS 0x0000000611c00000, 0x0000000611c00000| Untracked 
|  72|0x0000000612000000, 0x0000000612000000, 0x0000000612400000|  0%| F|  |TAMS 0x0000000612000000, 0x0000000612000000| Untracked 
|  73|0x0000000612400000, 0x0000000612400000, 0x0000000612800000|  0%| F|  |TAMS 0x0000000612400000, 0x0000000612400000| Untracked 
|  74|0x0000000612800000, 0x0000000612800000, 0x0000000612c00000|  0%| F|  |TAMS 0x0000000612800000, 0x0000000612800000| Untracked 
|  75|0x0000000612c00000, 0x0000000612c00000, 0x0000000613000000|  0%| F|  |TAMS 0x0000000612c00000, 0x0000000612c00000| Untracked 
|  76|0x0000000613000000, 0x0000000613000000, 0x0000000613400000|  0%| F|  |TAMS 0x0000000613000000, 0x0000000613000000| Untracked 
|  77|0x0000000613400000, 0x0000000613400000, 0x0000000613800000|  0%| F|  |TAMS 0x0000000613400000, 0x0000000613400000| Untracked 
|  78|0x0000000613800000, 0x0000000613800000, 0x0000000613c00000|  0%| F|  |TAMS 0x0000000613800000, 0x0000000613800000| Untracked 
|  79|0x0000000613c00000, 0x0000000613c00000, 0x0000000614000000|  0%| F|  |TAMS 0x0000000613c00000, 0x0000000613c00000| Untracked 
|  80|0x0000000614000000, 0x0000000614000000, 0x0000000614400000|  0%| F|  |TAMS 0x0000000614000000, 0x0000000614000000| Untracked 
|  81|0x0000000614400000, 0x0000000614400000, 0x0000000614800000|  0%| F|  |TAMS 0x0000000614400000, 0x0000000614400000| Untracked 
|  82|0x0000000614800000, 0x0000000614800000, 0x0000000614c00000|  0%| F|  |TAMS 0x0000000614800000, 0x0000000614800000| Untracked 
|  83|0x0000000614c00000, 0x0000000614c00000, 0x0000000615000000|  0%| F|  |TAMS 0x0000000614c00000, 0x0000000614c00000| Untracked 
|  84|0x0000000615000000, 0x0000000615000000, 0x0000000615400000|  0%| F|  |TAMS 0x0000000615000000, 0x0000000615000000| Untracked 
|  85|0x0000000615400000, 0x0000000615400000, 0x0000000615800000|  0%| F|  |TAMS 0x0000000615400000, 0x0000000615400000| Untracked 
|  86|0x0000000615800000, 0x0000000615800000, 0x0000000615c00000|  0%| F|  |TAMS 0x0000000615800000, 0x0000000615800000| Untracked 
|  87|0x0000000615c00000, 0x0000000615c00000, 0x0000000616000000|  0%| F|  |TAMS 0x0000000615c00000, 0x0000000615c00000| Untracked 
|  88|0x0000000616000000, 0x0000000616000000, 0x0000000616400000|  0%| F|  |TAMS 0x0000000616000000, 0x0000000616000000| Untracked 
|  89|0x0000000616400000, 0x0000000616400000, 0x0000000616800000|  0%| F|  |TAMS 0x0000000616400000, 0x0000000616400000| Untracked 
|  90|0x0000000616800000, 0x0000000616800000, 0x0000000616c00000|  0%| F|  |TAMS 0x0000000616800000, 0x0000000616800000| Untracked 
|  91|0x0000000616c00000, 0x0000000616c00000, 0x0000000617000000|  0%| F|  |TAMS 0x0000000616c00000, 0x0000000616c00000| Untracked 
|  92|0x0000000617000000, 0x0000000617000000, 0x0000000617400000|  0%| F|  |TAMS 0x0000000617000000, 0x0000000617000000| Untracked 
|  93|0x0000000617400000, 0x0000000617400000, 0x0000000617800000|  0%| F|  |TAMS 0x0000000617400000, 0x0000000617400000| Untracked 
|  94|0x0000000617800000, 0x0000000617800000, 0x0000000617c00000|  0%| F|  |TAMS 0x0000000617800000, 0x0000000617800000| Untracked 
|  95|0x0000000617c00000, 0x0000000617c00000, 0x0000000618000000|  0%| F|  |TAMS 0x0000000617c00000, 0x0000000617c00000| Untracked 
|  96|0x0000000618000000, 0x0000000618000000, 0x0000000618400000|  0%| F|  |TAMS 0x0000000618000000, 0x0000000618000000| Untracked 
|  97|0x0000000618400000, 0x0000000618400000, 0x0000000618800000|  0%| F|  |TAMS 0x0000000618400000, 0x0000000618400000| Untracked 
|  98|0x0000000618800000, 0x0000000618800000, 0x0000000618c00000|  0%| F|  |TAMS 0x0000000618800000, 0x0000000618800000| Untracked 
|  99|0x0000000618c00000, 0x0000000618c00000, 0x0000000619000000|  0%| F|  |TAMS 0x0000000618c00000, 0x0000000618c00000| Untracked 
| 100|0x0000000619000000, 0x0000000619000000, 0x0000000619400000|  0%| F|  |TAMS 0x0000000619000000, 0x0000000619000000| Untracked 
| 101|0x0000000619400000, 0x0000000619400000, 0x0000000619800000|  0%| F|  |TAMS 0x0000000619400000, 0x0000000619400000| Untracked 
| 102|0x0000000619800000, 0x0000000619800000, 0x0000000619c00000|  0%| F|  |TAMS 0x0000000619800000, 0x0000000619800000| Untracked 
| 103|0x0000000619c00000, 0x0000000619c00000, 0x000000061a000000|  0%| F|  |TAMS 0x0000000619c00000, 0x0000000619c00000| Untracked 
| 104|0x000000061a000000, 0x000000061a000000, 0x000000061a400000|  0%| F|  |TAMS 0x000000061a000000, 0x000000061a000000| Untracked 
| 105|0x000000061a400000, 0x000000061a400000, 0x000000061a800000|  0%| F|  |TAMS 0x000000061a400000, 0x000000061a400000| Untracked 
| 106|0x000000061a800000, 0x000000061a800000, 0x000000061ac00000|  0%| F|  |TAMS 0x000000061a800000, 0x000000061a800000| Untracked 
| 107|0x000000061ac00000, 0x000000061ac00000, 0x000000061b000000|  0%| F|  |TAMS 0x000000061ac00000, 0x000000061ac00000| Untracked 
| 108|0x000000061b000000, 0x000000061b000000, 0x000000061b400000|  0%| F|  |TAMS 0x000000061b000000, 0x000000061b000000| Untracked 
| 109|0x000000061b400000, 0x000000061b400000, 0x000000061b800000|  0%| F|  |TAMS 0x000000061b400000, 0x000000061b400000| Untracked 
| 110|0x000000061b800000, 0x000000061b800000, 0x000000061bc00000|  0%| F|  |TAMS 0x000000061b800000, 0x000000061b800000| Untracked 
| 111|0x000000061bc00000, 0x000000061bc00000, 0x000000061c000000|  0%| F|  |TAMS 0x000000061bc00000, 0x000000061bc00000| Untracked 
| 112|0x000000061c000000, 0x000000061c000000, 0x000000061c400000|  0%| F|  |TAMS 0x000000061c000000, 0x000000061c000000| Untracked 
| 113|0x000000061c400000, 0x000000061c400000, 0x000000061c800000|  0%| F|  |TAMS 0x000000061c400000, 0x000000061c400000| Untracked 
| 114|0x000000061c800000, 0x000000061c800000, 0x000000061cc00000|  0%| F|  |TAMS 0x000000061c800000, 0x000000061c800000| Untracked 
| 115|0x000000061cc00000, 0x000000061cc00000, 0x000000061d000000|  0%| F|  |TAMS 0x000000061cc00000, 0x000000061cc00000| Untracked 
| 116|0x000000061d000000, 0x000000061d000000, 0x000000061d400000|  0%| F|  |TAMS 0x000000061d000000, 0x000000061d000000| Untracked 
| 117|0x000000061d400000, 0x000000061d400000, 0x000000061d800000|  0%| F|  |TAMS 0x000000061d400000, 0x000000061d400000| Untracked 
| 118|0x000000061d800000, 0x000000061d800000, 0x000000061dc00000|  0%| F|  |TAMS 0x000000061d800000, 0x000000061d800000| Untracked 
| 119|0x000000061dc00000, 0x000000061dc00000, 0x000000061e000000|  0%| F|  |TAMS 0x000000061dc00000, 0x000000061dc00000| Untracked 
| 120|0x000000061e000000, 0x000000061e000000, 0x000000061e400000|  0%| F|  |TAMS 0x000000061e000000, 0x000000061e000000| Untracked 
| 121|0x000000061e400000, 0x000000061e658748, 0x000000061e800000| 58%| S|CS|TAMS 0x000000061e400000, 0x000000061e400000| Complete 
| 122|0x000000061e800000, 0x000000061e800000, 0x000000061ec00000|  0%| F|  |TAMS 0x000000061e800000, 0x000000061e800000| Untracked 
| 123|0x000000061ec00000, 0x000000061ec00000, 0x000000061f000000|  0%| F|  |TAMS 0x000000061ec00000, 0x000000061ec00000| Untracked 
| 124|0x000000061f000000, 0x000000061f23ce48, 0x000000061f400000| 55%| E|  |TAMS 0x000000061f000000, 0x000000061f000000| Complete 
| 125|0x000000061f400000, 0x000000061f800000, 0x000000061f800000|100%| E|CS|TAMS 0x000000061f400000, 0x000000061f400000| Complete 
| 126|0x000000061f800000, 0x000000061fc00000, 0x000000061fc00000|100%| E|CS|TAMS 0x000000061f800000, 0x000000061f800000| Complete 
| 127|0x000000061fc00000, 0x0000000620000000, 0x0000000620000000|100%| E|CS|TAMS 0x000000061fc00000, 0x000000061fc00000| Complete 

Card table byte_map: [0x000000012010e000,0x000000012110e000] _byte_map_base: 0x000000011d10e000

Marking Bits (Prev, Next): (CMBitMap*) 0x00007f93bf82d810, (CMBitMap*) 0x00007f93bf82d850
 Prev Bits: [0x000000012210e000, 0x000000012a10e000)
 Next Bits: [0x000000012a10e000, 0x000000013210e000)

Polling page: 0x00000001008e4000

Metaspace:

Usage:
  Non-class:     12.98 MB used.
      Class:      1.51 MB used.
       Both:     14.49 MB used.

Virtual space:
  Non-class space:       16.00 MB reserved,      13.06 MB ( 82%) committed,  2 nodes.
      Class space:        1.00 GB reserved,       1.56 MB ( <1%) committed,  1 nodes.
             Both:        1.02 GB reserved,      14.62 MB (  1%) committed. 

Chunk freelists:
   Non-Class:  2.38 MB
       Class:  2.39 MB
        Both:  4.77 MB

MaxMetaspaceSize: unlimited
CompressedClassSpaceSize: 1.00 GB
Initial GC threshold: 21.00 MB
Current GC threshold: 21.00 MB
CDS: off
MetaspaceReclaimPolicy: balanced
 - commit_granule_bytes: 65536.
 - commit_granule_words: 8192.
 - virtual_space_node_default_size: 1048576.
 - enlarge_chunks_in_place: 1.
 - new_chunks_are_fully_committed: 0.
 - uncommit_free_chunks: 1.
 - use_allocation_guard: 0.
 - handle_deallocations: 1.


Internal statistics:

num_allocs_failed_limit: 0.
num_arena_births: 94.
num_arena_deaths: 0.
num_vsnodes_births: 3.
num_vsnodes_deaths: 0.
num_space_committed: 234.
num_space_uncommitted: 0.
num_chunks_returned_to_freelist: 0.
num_chunks_taken_from_freelist: 309.
num_chunk_merges: 0.
num_chunk_splits: 158.
num_chunks_enlarged: 95.
num_purges: 0.
num_inconsistent_stats: 0.

CodeHeap 'non-profiled nmethods': size=120028Kb used=470Kb max_used=470Kb free=119557Kb
 bounds [0x0000000117bd7000, 0x0000000117e47000, 0x000000011f10e000]
CodeHeap 'profiled nmethods': size=120028Kb used=3002Kb max_used=3002Kb free=117025Kb
 bounds [0x00000001106a0000, 0x0000000110990000, 0x0000000117bd7000]
CodeHeap 'non-nmethods': size=5704Kb used=1202Kb max_used=1221Kb free=4501Kb
 bounds [0x000000011010e000, 0x000000011037e000, 0x00000001106a0000]
 total_blobs=1953 nmethods=1511 adapters=356
 compilation: enabled
              stopped_count=0, restarted_count=0
 full_count=0

Compilation events (20 events):
Event: 1.303 Thread 0x00007f93bf846000 1502       3       org.eclipse.jdt.launching.internal.org.objectweb.asm.ClassReader::readUtf (161 bytes)
Event: 1.303 Thread 0x00007f93bf846000 nmethod 1502 0x000000011098cb10 code [0x000000011098cce0, 0x000000011098d1a0]
Event: 1.303 Thread 0x00007f93bf846000 1501       3       org.eclipse.jdt.launching.internal.org.objectweb.asm.ClassReader::readUtf (44 bytes)
Event: 1.303 Thread 0x00007f93bf846000 nmethod 1501 0x000000011098d490 code [0x000000011098d660, 0x000000011098da70]
Event: 1.309 Thread 0x00007f93bf846000 1504       3       java.lang.StringUTF16::getChar (60 bytes)
Event: 1.309 Thread 0x00007f93bf846000 nmethod 1504 0x000000011098dc10 code [0x000000011098ddc0, 0x000000011098df30]
Event: 1.309 Thread 0x00007f93bf854e00 1505       4       java.lang.StringUTF16::getChar (60 bytes)
Event: 1.309 Thread 0x00007f93bf846000 1506       3       java.lang.String::isLatin1 (19 bytes)
Event: 1.310 Thread 0x00007f93bf846000 nmethod 1506 0x000000011098e010 code [0x000000011098e1a0, 0x000000011098e310]
Event: 1.310 Thread 0x00007f93bf854e00 nmethod 1505 0x0000000117c49710 code [0x0000000117c498a0, 0x0000000117c49958]
Event: 1.310 Thread 0x00007f93bf854e00 1507       4       java.lang.Class::getClassLoader (28 bytes)
Event: 1.310 Thread 0x00007f93bf846000 1509       3       java.lang.String::hashCode (60 bytes)
Event: 1.311 Thread 0x00007f93bf854e00 nmethod 1507 0x0000000117c49a10 code [0x0000000117c49ba0, 0x0000000117c49c58]
Event: 1.311 Thread 0x00007f93bf854e00 1508   !   4       java.util.concurrent.ConcurrentHashMap::putVal (432 bytes)
Event: 1.311 Thread 0x00007f93bf846000 nmethod 1509 0x000000011098e390 code [0x000000011098e560, 0x000000011098e8d0]
Event: 1.325 Thread 0x00007f93bf854e00 nmethod 1508 0x0000000117c49d10 code [0x0000000117c49f20, 0x0000000117c4b470]
Event: 1.325 Thread 0x00007f93bf854e00 1510       4       java.lang.invoke.MethodType::hashCode (53 bytes)
Event: 1.328 Thread 0x00007f93bf854e00 nmethod 1510 0x0000000117c4c290 code [0x0000000117c4c440, 0x0000000117c4c638]
Event: 1.328 Thread 0x00007f93bf854e00 1511       4       java.lang.String::checkBoundsOffCount (64 bytes)
Event: 1.329 Thread 0x00007f93bf854e00 nmethod 1511 0x0000000117c4c810 code [0x0000000117c4c9a0, 0x0000000117c4ca58]

GC Heap History (2 events):
Event: 0.939 GC heap before
{Heap before GC invocations=0 (full 0):
 garbage-first heap   total 524288K, used 24576K [0x0000000600000000, 0x0000000800000000)
  region size 4096K, 6 young (24576K), 0 survivors (0K)
 Metaspace       used 12952K, committed 13120K, reserved 1064960K
  class space    used 1263K, committed 1344K, reserved 1048576K
}
Event: 0.953 GC heap after
{Heap after GC invocations=1 (full 0):
 garbage-first heap   total 524288K, used 2401K [0x0000000600000000, 0x0000000800000000)
  region size 4096K, 1 young (4096K), 1 survivors (4096K)
 Metaspace       used 12952K, committed 13120K, reserved 1064960K
  class space    used 1263K, committed 1344K, reserved 1048576K
}

Deoptimization events (20 events):
Event: 1.300 Thread 0x00007f93bf80d000 Uncommon trap: trap_request=0xffffff45 fr.pc=0x0000000117c42f70 relative=0x0000000000000550
Event: 1.300 Thread 0x00007f93bf80d000 Uncommon trap: reason=unstable_if action=reinterpret pc=0x0000000117c42f70 method=java.lang.String.isLatin1()Z @ 10 c2
Event: 1.300 Thread 0x00007f93bf80d000 DEOPT PACKING pc=0x0000000117c42f70 sp=0x000000030560fb10
Event: 1.300 Thread 0x00007f93bf80d000 DEOPT UNPACKING pc=0x0000000110160093 sp=0x000000030560f990 mode 2
Event: 1.301 Thread 0x00007f93bf80d000 Uncommon trap: trap_request=0xffffff45 fr.pc=0x0000000117c036d8 relative=0x0000000000000618
Event: 1.301 Thread 0x00007f93bf80d000 Uncommon trap: reason=unstable_if action=reinterpret pc=0x0000000117c036d8 method=org.eclipse.jdt.launching.internal.org.objectweb.asm.ClassReader.readUtf(II[C)Ljava/lang/String; @ 41 c2
Event: 1.301 Thread 0x00007f93bf80d000 DEOPT PACKING pc=0x0000000117c036d8 sp=0x000000030560fa30
Event: 1.301 Thread 0x00007f93bf80d000 DEOPT UNPACKING pc=0x0000000110160093 sp=0x000000030560fa38 mode 2
Event: 1.301 Thread 0x00007f93bf80d000 Uncommon trap: trap_request=0xffffff45 fr.pc=0x0000000117be02d8 relative=0x00000000000001b8
Event: 1.301 Thread 0x00007f93bf80d000 Uncommon trap: reason=unstable_if action=reinterpret pc=0x0000000117be02d8 method=java.lang.String.isLatin1()Z @ 10 c2
Event: 1.301 Thread 0x00007f93bf80d000 DEOPT PACKING pc=0x0000000117be02d8 sp=0x000000030560fa40
Event: 1.301 Thread 0x00007f93bf80d000 DEOPT UNPACKING pc=0x0000000110160093 sp=0x000000030560f990 mode 2
Event: 1.303 Thread 0x00007f93bf80d000 Uncommon trap: trap_request=0xffffff45 fr.pc=0x0000000117bf1b80 relative=0x0000000000000060
Event: 1.303 Thread 0x00007f93bf80d000 Uncommon trap: reason=unstable_if action=reinterpret pc=0x0000000117bf1b80 method=java.lang.String.isLatin1()Z @ 10 c2
Event: 1.303 Thread 0x00007f93bf80d000 DEOPT PACKING pc=0x0000000117bf1b80 sp=0x000000030560f9c0
Event: 1.303 Thread 0x00007f93bf80d000 DEOPT UNPACKING pc=0x0000000110160093 sp=0x000000030560f980 mode 2
Event: 1.308 Thread 0x00007f93bf80d000 Uncommon trap: trap_request=0xffffff45 fr.pc=0x0000000117beafe8 relative=0x0000000000000048
Event: 1.308 Thread 0x00007f93bf80d000 Uncommon trap: reason=unstable_if action=reinterpret pc=0x0000000117beafe8 method=java.lang.CharacterData.of(I)Ljava/lang/CharacterData; @ 4 c2
Event: 1.308 Thread 0x00007f93bf80d000 DEOPT PACKING pc=0x0000000117beafe8 sp=0x0000000305611130
Event: 1.308 Thread 0x00007f93bf80d000 DEOPT UNPACKING pc=0x0000000110160093 sp=0x00000003056110f0 mode 2

Classes unloaded (0 events):
No events

Classes redefined (2 events):
Event: 1199.174 Thread 0x00007f93c080b340 redefined class name=telran.util.LinkedHashSet, count=1
Event: 1269.393 Thread 0x00007f93c080b340 redefined class name=telran.util.LinkedHashSet, count=2

Internal exceptions (20 events):
Event: 0.883 Thread 0x00007f93bf80d000 Exception <a 'java/lang/NoSuchMethodError'{0x000000061eafeb80}: 'void java.lang.invoke.DirectMethodHandle$Holder.invokeInterface(java.lang.Object, java.lang.Object, java.lang.Object, java.lang.Object, java.lang.Object)'> (0x000000061eafeb80) 
thrown [src/hotspot/share/interpreter/linkResolver.cpp, line 759]
Event: 0.884 Thread 0x00007f93bf80d000 Exception <a 'java/lang/IncompatibleClassChangeError'{0x000000061eb02af8}: Found class java.lang.Object, but interface was expected> (0x000000061eb02af8) 
thrown [src/hotspot/share/interpreter/linkResolver.cpp, line 826]
Event: 0.915 Thread 0x00007f93bf80d000 Exception <a 'java/lang/IncompatibleClassChangeError'{0x000000061eb72a48}: Found class java.lang.Object, but interface was expected> (0x000000061eb72a48) 
thrown [src/hotspot/share/interpreter/linkResolver.cpp, line 826]
Event: 0.921 Thread 0x00007f93bf80d000 Exception <a 'java/lang/NoSuchMethodError'{0x000000061eb9b440}: 'java.lang.Object java.lang.invoke.DirectMethodHandle$Holder.invokeStatic(java.lang.Object, java.lang.Object, int)'> (0x000000061eb9b440) 
thrown [src/hotspot/share/interpreter/linkResolver.cpp, line 759]
Event: 0.972 Thread 0x00007f93bf80d000 Exception <a 'java/lang/NoSuchMethodError'{0x000000061fc0fe78}: 'void java.lang.invoke.DirectMethodHandle$Holder.invokeSpecial(java.lang.Object, java.lang.Object, java.lang.Object, java.lang.Object, java.lang.Object)'> (0x000000061fc0fe78) 
thrown [src/hotspot/share/interpreter/linkResolver.cpp, line 759]
Event: 1.110 Thread 0x00007f93bf80d000 Exception <a 'java/lang/NoSuchMethodError'{0x000000061f99a7f0}: 'java.lang.Object java.lang.invoke.DirectMethodHandle$Holder.newInvokeSpecial(java.lang.Object, java.lang.Object, int)'> (0x000000061f99a7f0) 
thrown [src/hotspot/share/interpreter/linkResolver.cpp, line 759]
Event: 1.129 Thread 0x00007f93bf80d000 Exception <a 'java/lang/NoSuchMethodError'{0x000000061fa1d138}: 'void java.lang.invoke.DirectMethodHandle$Holder.invokeInterface(java.lang.Object, java.lang.Object, java.lang.Object, java.lang.Object)'> (0x000000061fa1d138) 
thrown [src/hotspot/share/interpreter/linkResolver.cpp, line 759]
Event: 1.129 Thread 0x00007f93bf80d000 Exception <a 'java/lang/IncompatibleClassChangeError'{0x000000061fa20a60}: Found class java.lang.Object, but interface was expected> (0x000000061fa20a60) 
thrown [src/hotspot/share/interpreter/linkResolver.cpp, line 826]
Event: 1.140 Thread 0x00007f93bf80d000 Exception <a 'java/lang/NoSuchMethodError'{0x000000061fa71920}: 'void java.lang.invoke.DirectMethodHandle$Holder.invokeStatic(java.lang.Object, java.lang.Object, java.lang.Object, java.lang.Object)'> (0x000000061fa71920) 
thrown [src/hotspot/share/interpreter/linkResolver.cpp, line 759]
Event: 1.148 Thread 0x00007f93bf80d000 Exception <a 'java/lang/NoSuchMethodError'{0x000000061fb42c48}: 'int java.lang.invoke.DirectMethodHandle$Holder.invokeStatic(java.lang.Object, java.lang.Object, java.lang.Object, java.lang.Object)'> (0x000000061fb42c48) 
thrown [src/hotspot/share/interpreter/linkResolver.cpp, line 759]
Event: 1.149 Thread 0x00007f93bf80d000 Exception <a 'java/lang/NoSuchMethodError'{0x000000061fb465c8}: 'java.lang.Object java.lang.invoke.Invokers$Holder.invokeExact_MT(java.lang.Object, java.lang.Object, java.lang.Object, java.lang.Object, java.lang.Object, java.lang.Object)'> (0x000000061fb465c8) 
thrown [src/hotspot/share/interpreter/linkResolver.cpp, line 759]
Event: 1.151 Thread 0x00007f93bf80d000 Exception <a 'java/lang/NoSuchMethodError'{0x000000061fb56c60}: 'int java.lang.invoke.DirectMethodHandle$Holder.invokeStatic(java.lang.Object, java.lang.Object, java.lang.Object, java.lang.Object, java.lang.Object)'> (0x000000061fb56c60) 
thrown [src/hotspot/share/interpreter/linkResolver.cpp, line 759]
Event: 1.166 Thread 0x00007f93bf80d000 Exception <a 'java/lang/NoSuchMethodError'{0x000000061fbe5f18}: 'void java.lang.invoke.DirectMethodHandle$Holder.invokeStaticInit(java.lang.Object)'> (0x000000061fbe5f18) 
thrown [src/hotspot/share/interpreter/linkResolver.cpp, line 759]
Event: 1.224 Thread 0x00007f93bf80d000 Exception <a 'java/lang/NoSuchMethodError'{0x000000061f68d180}: 'int java.lang.invoke.DirectMethodHandle$Holder.invokeStaticInit(java.lang.Object, java.lang.Object)'> (0x000000061f68d180) 
thrown [src/hotspot/share/interpreter/linkResolver.cpp, line 759]
Event: 1.238 Thread 0x00007f93bf80d000 Exception <a 'java/lang/NoSuchMethodError'{0x000000061f6d6fa0}: 'int java.lang.invoke.DirectMethodHandle$Holder.invokeInterface(java.lang.Object, java.lang.Object)'> (0x000000061f6d6fa0) 
thrown [src/hotspot/share/interpreter/linkResolver.cpp, line 759]
Event: 1.280 Thread 0x00007f93bf80d000 Exception <a 'java/lang/NoSuchMethodError'{0x000000061f00f530}: 'java.lang.Object java.lang.invoke.DirectMethodHandle$Holder.newInvokeSpecial(java.lang.Object, java.lang.Object, java.lang.Object, java.lang.Object, java.lang.Object, java.lang.Object, java.lang.Object)'> (0x000000061f00f530) 
thrown [src/hotspot/share/interpreter/linkResolver.cpp, line 759]
Event: 1.280 Thread 0x00007f93bf80d000 Exception <a 'java/lang/NoSuchMethodError'{0x000000061f0140e8}: 'java.lang.Object java.lang.invoke.Invokers$Holder.linkToTargetMethod(java.lang.Object, java.lang.Object, java.lang.Object, java.lang.Object, java.lang.Object, java.lang.Object, java.lang.Object)'> (0x000000061f0140e8) 
thrown [src/hotspot/share/interpreter/linkResolver.cpp, line 759]
Event: 1.283 Thread 0x00007f93bf80d000 Exception <a 'java/lang/NoSuchMethodError'{0x000000061f02a3f8}: 'java.lang.Object java.lang.invoke.DirectMethodHandle$Holder.invokeInterface(java.lang.Object, java.lang.Object, java.lang.Object, java.lang.Object, java.lang.Object)'> (0x000000061f02a3f8) 
thrown [src/hotspot/share/interpreter/linkResolver.cpp, line 759]
Event: 1.283 Thread 0x00007f93bf80d000 Exception <a 'java/lang/IncompatibleClassChangeError'{0x000000061f02e1f0}: Found class java.lang.Object, but interface was expected> (0x000000061f02e1f0) 
thrown [src/hotspot/share/interpreter/linkResolver.cpp, line 826]
Event: 1.297 Thread 0x00007f93bf80d000 Exception <a 'java/lang/IncompatibleClassChangeError'{0x000000061f0ce5b8}: Found class java.lang.Object, but interface was expected> (0x000000061f0ce5b8) 
thrown [src/hotspot/share/interpreter/linkResolver.cpp, line 826]

VM Operations (20 events):
Event: 1202.028 Executing VM operation: get/set locals
Event: 1202.028 Executing VM operation: get/set locals done
Event: 1202.028 Executing VM operation: get/set locals
Event: 1202.029 Executing VM operation: get/set locals done
Event: 1202.029 Executing VM operation: get/set locals
Event: 1202.029 Executing VM operation: get/set locals done
Event: 1269.387 Executing VM operation: ChangeSingleStep
Event: 1269.387 Executing VM operation: ChangeSingleStep done
Event: 1269.387 Executing VM operation: ChangeSingleStep
Event: 1269.387 Executing VM operation: ChangeSingleStep done
Event: 1269.392 Executing VM operation: RedefineClasses
Event: 1269.395 Executing VM operation: RedefineClasses done
Event: 1269.406 Executing VM operation: ChangeBreakpoints
Event: 1269.407 Executing VM operation: ChangeBreakpoints done
Event: 1269.410 Executing VM operation: ChangeSingleStep
Event: 1269.410 Executing VM operation: ChangeSingleStep done
Event: 1269.411 Executing VM operation: get/set locals
Event: 1269.411 Executing VM operation: get/set locals done
Event: 1269.413 Executing VM operation: ChangeSingleStep
Event: 1269.413 Executing VM operation: ChangeSingleStep done

Events (20 events):
Event: 1.289 loading class java/util/ArrayList$ListItr
Event: 1.289 loading class java/util/ArrayList$ListItr done
Event: 1.293 loading class sun/nio/ch/FileDispatcherImpl
Event: 1.293 loading class sun/nio/ch/FileDispatcher
Event: 1.293 loading class sun/nio/ch/FileDispatcher done
Event: 1.293 loading class sun/nio/ch/FileDispatcherImpl done
Event: 1.294 loading class sun/nio/ch/IOStatus
Event: 1.294 loading class sun/nio/ch/IOStatus done
Event: 1.297 loading class java/util/AbstractList$ListItr
Event: 1.297 loading class java/util/AbstractList$Itr
Event: 1.297 loading class java/util/AbstractList$Itr done
Event: 1.297 loading class java/util/AbstractList$ListItr done
Event: 1.306 loading class java/time/format/DateTimeParseException
Event: 1.306 loading class java/time/DateTimeException
Event: 1.306 loading class java/time/DateTimeException done
Event: 1.306 loading class java/time/format/DateTimeParseException done
Event: 1.308 loading class java/lang/CharacterData00
Event: 1.308 loading class java/lang/CharacterData00 done
Event: 1.311 loading class java/util/concurrent/atomic/AtomicReference
Event: 1.311 loading class java/util/concurrent/atomic/AtomicReference done


Dynamic libraries:
0x0000000108e99000 	/Users/alexanderdubrovin/.p2/pool/plugins/org.eclipse.justj.openjdk.hotspot.jre.full.macosx.x86_64_17.0.4.v20220903-1038/jre/lib/libjli.dylib
0x00007ff814774000 	/usr/lib/libz.1.dylib
0x00007ff81485e000 	/usr/lib/libSystem.B.dylib
0x00007ff814859000 	/usr/lib/system/libcache.dylib
0x00007ff814814000 	/usr/lib/system/libcommonCrypto.dylib
0x00007ff81483d000 	/usr/lib/system/libcompiler_rt.dylib
0x00007ff814833000 	/usr/lib/system/libcopyfile.dylib
0x00007ff808493000 	/usr/lib/system/libcorecrypto.dylib
0x00007ff808557000 	/usr/lib/system/libdispatch.dylib
0x00007ff8086df000 	/usr/lib/system/libdyld.dylib
0x00007ff81484f000 	/usr/lib/system/libkeymgr.dylib
0x00007ff8147f3000 	/usr/lib/system/libmacho.dylib
0x00007ff813dd7000 	/usr/lib/system/libquarantine.dylib
0x00007ff81484d000 	/usr/lib/system/libremovefile.dylib
0x00007ff80d2d6000 	/usr/lib/system/libsystem_asl.dylib
0x00007ff808435000 	/usr/lib/system/libsystem_blocks.dylib
0x00007ff8085a1000 	/usr/lib/system/libsystem_c.dylib
0x00007ff814845000 	/usr/lib/system/libsystem_collections.dylib
0x00007ff8130cf000 	/usr/lib/system/libsystem_configuration.dylib
0x00007ff812140000 	/usr/lib/system/libsystem_containermanager.dylib
0x00007ff8144b5000 	/usr/lib/system/libsystem_coreservices.dylib
0x00007ff80b357000 	/usr/lib/system/libsystem_darwin.dylib
0x00007ff814850000 	/usr/lib/system/libsystem_dnssd.dylib
0x00007ff80859e000 	/usr/lib/system/libsystem_featureflags.dylib
0x00007ff80870a000 	/usr/lib/system/libsystem_info.dylib
0x00007ff814787000 	/usr/lib/system/libsystem_m.dylib
0x00007ff80852a000 	/usr/lib/system/libsystem_malloc.dylib
0x00007ff80d265000 	/usr/lib/system/libsystem_networkextension.dylib
0x00007ff80b79c000 	/usr/lib/system/libsystem_notify.dylib
0x00007ff8130d3000 	/usr/lib/system/libsystem_sandbox.dylib
0x00007ff81484a000 	/usr/lib/system/libsystem_secinit.dylib
0x00007ff808699000 	/usr/lib/system/libsystem_kernel.dylib
0x00007ff808700000 	/usr/lib/system/libsystem_platform.dylib
0x00007ff8086d3000 	/usr/lib/system/libsystem_pthread.dylib
0x00007ff80ed26000 	/usr/lib/system/libsystem_symptoms.dylib
0x00007ff808479000 	/usr/lib/system/libsystem_trace.dylib
0x00007ff814820000 	/usr/lib/system/libunwind.dylib
0x00007ff808439000 	/usr/lib/system/libxpc.dylib
0x00007ff808683000 	/usr/lib/libc++abi.dylib
0x00007ff808364000 	/usr/lib/libobjc.A.dylib
0x00007ff81482b000 	/usr/lib/liboah.dylib
0x00007ff80862a000 	/usr/lib/libc++.1.dylib
0x00007ff820ca0000 	/System/Library/Frameworks/Cocoa.framework/Versions/A/Cocoa
0x00007ff80b7fb000 	/System/Library/Frameworks/AppKit.framework/Versions/C/AppKit
0x00007ff80e4b2000 	/System/Library/Frameworks/CoreData.framework/Versions/A/CoreData
0x00007ff8094e8000 	/System/Library/Frameworks/Foundation.framework/Versions/C/Foundation
0x00007ff80c803000 	/System/Library/PrivateFrameworks/UIFoundation.framework/Versions/A/UIFoundation
0x00007ffb08806000 	/System/Library/PrivateFrameworks/CollectionViewCore.framework/Versions/A/CollectionViewCore
0x00007ff81ac9f000 	/System/Library/PrivateFrameworks/RemoteViewServices.framework/Versions/A/RemoteViewServices
0x00007ff812918000 	/System/Library/PrivateFrameworks/XCTTargetBootstrap.framework/Versions/A/XCTTargetBootstrap
0x00007ff81678b000 	/System/Library/PrivateFrameworks/InternationalSupport.framework/Versions/A/InternationalSupport
0x00007ff816814000 	/System/Library/PrivateFrameworks/UserActivity.framework/Versions/A/UserActivity
0x00007ffb1ea6c000 	/System/Library/PrivateFrameworks/WindowManagement.framework/Versions/A/WindowManagement
0x00007ff8091d4000 	/System/Library/Frameworks/SystemConfiguration.framework/Versions/A/SystemConfiguration
0x00007ff815b89000 	/usr/lib/libspindump.dylib
0x00007ff80c9d1000 	/System/Library/Frameworks/UniformTypeIdentifiers.framework/Versions/A/UniformTypeIdentifiers
0x00007ff810df8000 	/usr/lib/libapp_launch_measurement.dylib
0x00007ff80fa6d000 	/System/Library/PrivateFrameworks/CoreAnalytics.framework/Versions/A/CoreAnalytics
0x00007ff810dfb000 	/System/Library/PrivateFrameworks/CoreAutoLayout.framework/Versions/A/CoreAutoLayout
0x00007ff81218c000 	/System/Library/Frameworks/Metal.framework/Versions/A/Metal
0x00007ff8130de000 	/usr/lib/liblangid.dylib
0x00007ff81291d000 	/System/Library/PrivateFrameworks/CoreSVG.framework/Versions/A/CoreSVG
0x00007ff80d308000 	/System/Library/PrivateFrameworks/SkyLight.framework/Versions/A/SkyLight
0x00007ff80d6f2000 	/System/Library/Frameworks/CoreGraphics.framework/Versions/A/CoreGraphics
0x00007ff81b371000 	/System/Library/Frameworks/Accelerate.framework/Versions/A/Accelerate
0x00007ff8155fe000 	/System/Library/PrivateFrameworks/IconServices.framework/Versions/A/IconServices
0x00007ff81216f000 	/System/Library/Frameworks/IOSurface.framework/Versions/A/IOSurface
0x00007ff80fa97000 	/usr/lib/libDiagnosticMessagesClient.dylib
0x00007ff81e8b9000 	/System/Library/Frameworks/ApplicationServices.framework/Versions/A/ApplicationServices
0x00007ff812904000 	/System/Library/PrivateFrameworks/DFRFoundation.framework/Versions/A/DFRFoundation
0x00007ff80b0c3000 	/usr/lib/libicucore.A.dylib
0x00007ff81762d000 	/System/Library/Frameworks/AudioToolbox.framework/Versions/A/AudioToolbox
0x00007ff816796000 	/System/Library/PrivateFrameworks/DataDetectorsCore.framework/Versions/A/DataDetectorsCore
0x00007ff90ff72000 	/System/Library/PrivateFrameworks/TextInput.framework/Versions/A/TextInput
0x00007ff80d27d000 	/usr/lib/libMobileGestalt.dylib
0x00007ff81260c000 	/System/Library/Frameworks/Carbon.framework/Versions/A/Frameworks/HIToolbox.framework/Versions/A/HIToolbox
0x00007ff81079a000 	/System/Library/Frameworks/QuartzCore.framework/Versions/A/QuartzCore
0x00007ff80ad42000 	/System/Library/Frameworks/Security.framework/Versions/A/Security
0x00007ff81acd7000 	/System/Library/Frameworks/Carbon.framework/Versions/A/Frameworks/SpeechRecognition.framework/Versions/A/SpeechRecognition
0x00007ff810b38000 	/System/Library/PrivateFrameworks/CoreUI.framework/Versions/A/CoreUI
0x00007ff80a624000 	/System/Library/Frameworks/CoreAudio.framework/Versions/A/CoreAudio
0x00007ff80fb71000 	/System/Library/Frameworks/DiskArbitration.framework/Versions/A/DiskArbitration
0x00007ff815fa6000 	/System/Library/PrivateFrameworks/MultitouchSupport.framework/Versions/A/MultitouchSupport
0x00007ff80d27c000 	/usr/lib/libenergytrace.dylib
0x00007ff80b6dd000 	/System/Library/Frameworks/IOKit.framework/Versions/A/IOKit
0x00007ff81b0d0000 	/System/Library/Frameworks/CoreServices.framework/Versions/A/CoreServices
0x00007ff810d90000 	/System/Library/PrivateFrameworks/PerformanceAnalysis.framework/Versions/A/PerformanceAnalysis
0x00007ffa1e7b8000 	/System/Library/Frameworks/OpenGL.framework/Versions/A/OpenGL
0x00007ff810e43000 	/usr/lib/libxml2.2.dylib
0x00007ff813cea000 	/System/Library/PrivateFrameworks/MobileKeyBag.framework/Versions/A/MobileKeyBag
0x00007ff80df14000 	/System/Library/Frameworks/ColorSync.framework/Versions/A/ColorSync
0x00007ff808735000 	/System/Library/Frameworks/CoreFoundation.framework/Versions/A/CoreFoundation
0x00007ff812cbb000 	/System/Library/Frameworks/CoreImage.framework/Versions/A/CoreImage
0x00007ff80a435000 	/System/Library/Frameworks/CoreText.framework/Versions/A/CoreText
0x00007ff812958000 	/System/Library/Frameworks/ImageIO.framework/Versions/A/ImageIO
0x00007ff814864000 	/System/Library/PrivateFrameworks/SoftLinking.framework/Versions/A/SoftLinking
0x00007ff814ae4000 	/usr/lib/libcompression.dylib
0x00007ff8166bd000 	/System/Library/PrivateFrameworks/TextureIO.framework/Versions/A/TextureIO
0x00007ff81522e000 	/usr/lib/libate.dylib
0x00007ff814fbf000 	/usr/lib/liblzma.5.dylib
0x00007ff814860000 	/usr/lib/libfakelink.dylib
0x00007ff80cebf000 	/System/Library/Frameworks/CFNetwork.framework/Versions/A/CFNetwork
0x00007ff81499d000 	/usr/lib/libarchive.2.dylib
0x00007ff818f78000 	/System/Library/Frameworks/Combine.framework/Versions/A/Combine
0x00007ff8170a5000 	/usr/lib/swift/libswiftCore.dylib
0x00007ff90cfbe000 	/usr/lib/swift/libswiftCoreFoundation.dylib
0x00007ff90af97000 	/usr/lib/swift/libswiftDarwin.dylib
0x00007ff81c8ed000 	/usr/lib/swift/libswiftDispatch.dylib
0x00007ff90cfda000 	/usr/lib/swift/libswiftIOKit.dylib
0x00007ff81ecee000 	/usr/lib/swift/libswiftObjectiveC.dylib
0x00007ff90cfcf000 	/usr/lib/swift/libswiftXPC.dylib
0x00007ffb25341000 	/usr/lib/swift/libswift_Concurrency.dylib
0x00007ffb25480000 	/usr/lib/swift/libswift_StringProcessing.dylib
0x00007ff81ecf2000 	/usr/lib/swift/libswiftos.dylib
0x00007ff80b65e000 	/System/Library/PrivateFrameworks/CoreServicesInternal.framework/Versions/A/CoreServicesInternal
0x00007ff813dfe000 	/usr/lib/libbsm.0.dylib
0x00007ff8147f8000 	/usr/lib/system/libkxld.dylib
0x00007ff810dc4000 	/System/Library/Frameworks/CoreServices.framework/Versions/A/Frameworks/FSEvents.framework/Versions/A/FSEvents
0x00007ff80b362000 	/System/Library/Frameworks/CoreServices.framework/Versions/A/Frameworks/CarbonCore.framework/Versions/A/CarbonCore
0x00007ff80fada000 	/System/Library/Frameworks/CoreServices.framework/Versions/A/Frameworks/Metadata.framework/Versions/A/Metadata
0x00007ff8144bb000 	/System/Library/Frameworks/CoreServices.framework/Versions/A/Frameworks/OSServices.framework/Versions/A/OSServices
0x00007ff814a25000 	/System/Library/Frameworks/CoreServices.framework/Versions/A/Frameworks/SearchKit.framework/Versions/A/SearchKit
0x00007ff80ecad000 	/System/Library/Frameworks/CoreServices.framework/Versions/A/Frameworks/AE.framework/Versions/A/AE
0x00007ff808bcd000 	/System/Library/Frameworks/CoreServices.framework/Versions/A/Frameworks/LaunchServices.framework/Versions/A/LaunchServices
0x00007ff814f70000 	/System/Library/Frameworks/CoreServices.framework/Versions/A/Frameworks/DictionaryServices.framework/Versions/A/DictionaryServices
0x00007ff810dd1000 	/System/Library/Frameworks/CoreServices.framework/Versions/A/Frameworks/SharedFileList.framework/Versions/A/SharedFileList
0x00007ff814ab1000 	/usr/lib/libapple_nghttp2.dylib
0x00007ff80cebb000 	/usr/lib/libnetwork.dylib
0x00007ff80e92b000 	/usr/lib/libsqlite3.dylib
0x00007ff80ed2e000 	/System/Library/Frameworks/Network.framework/Versions/A/Network
0x00007ffb24330000 	/usr/lib/libCoreEntitlements.dylib
0x00007ffb11cc1000 	/System/Library/PrivateFrameworks/MessageSecurity.framework/Versions/A/MessageSecurity
0x00007ff80e912000 	/System/Library/PrivateFrameworks/ProtocolBuffer.framework/Versions/A/ProtocolBuffer
0x00007ff814495000 	/System/Library/PrivateFrameworks/AppleFSCompression.framework/Versions/A/AppleFSCompression
0x00007ff813de6000 	/usr/lib/libcoretls.dylib
0x00007ff814fd9000 	/usr/lib/libcoretls_cfhelpers.dylib
0x00007ff814ade000 	/usr/lib/libpam.2.dylib
0x00007ff815046000 	/usr/lib/libxar.1.dylib
0x00007ff8155da000 	/usr/lib/libheimdal-asn1.dylib
0x00007ff814865000 	/usr/lib/libpcap.A.dylib
0x00007ff80ed1d000 	/usr/lib/libdns_services.dylib
0x00007ff8130da000 	/System/Library/PrivateFrameworks/AppleSystemInfo.framework/Versions/A/AppleSystemInfo
0x00007ff813af3000 	/System/Library/PrivateFrameworks/IOMobileFramebuffer.framework/Versions/A/IOMobileFramebuffer
0x00007ff8144a5000 	/usr/lib/libbz2.1.0.dylib
0x00007ff813dda000 	/usr/lib/libCheckFix.dylib
0x00007ff80d2ed000 	/System/Library/PrivateFrameworks/TCC.framework/Versions/A/TCC
0x00007ff8130e0000 	/System/Library/PrivateFrameworks/CoreNLP.framework/Versions/A/CoreNLP
0x00007ff80fa99000 	/System/Library/PrivateFrameworks/MetadataUtilities.framework/Versions/A/MetadataUtilities
0x00007ff813e0e000 	/usr/lib/libmecab.dylib
0x00007ff809253000 	/usr/lib/libCRFSuite.dylib
0x00007ff813e68000 	/usr/lib/libgermantok.dylib
0x00007ff814a8c000 	/usr/lib/libThaiTokenizer.dylib
0x00007ff80fb79000 	/System/Library/Frameworks/Accelerate.framework/Versions/A/Frameworks/vImage.framework/Versions/A/vImage
0x00007ff81b0a3000 	/System/Library/Frameworks/Accelerate.framework/Versions/A/Frameworks/vecLib.framework/Versions/A/vecLib
0x00007ff815088000 	/System/Library/Frameworks/Accelerate.framework/Versions/A/Frameworks/vecLib.framework/Versions/A/libvMisc.dylib
0x00007ff8138ee000 	/System/Library/Frameworks/Accelerate.framework/Versions/A/Frameworks/vecLib.framework/Versions/A/libvDSP.dylib
0x00007ff808f89000 	/System/Library/Frameworks/Accelerate.framework/Versions/A/Frameworks/vecLib.framework/Versions/A/libBLAS.dylib
0x00007ff814bc3000 	/System/Library/Frameworks/Accelerate.framework/Versions/A/Frameworks/vecLib.framework/Versions/A/libLAPACK.dylib
0x00007ff813e6b000 	/System/Library/Frameworks/Accelerate.framework/Versions/A/Frameworks/vecLib.framework/Versions/A/libLinearAlgebra.dylib
0x00007ff814ac9000 	/System/Library/Frameworks/Accelerate.framework/Versions/A/Frameworks/vecLib.framework/Versions/A/libSparseBLAS.dylib
0x00007ff814bbd000 	/System/Library/Frameworks/Accelerate.framework/Versions/A/Frameworks/vecLib.framework/Versions/A/libQuadrature.dylib
0x00007ff8131cc000 	/System/Library/Frameworks/Accelerate.framework/Versions/A/Frameworks/vecLib.framework/Versions/A/libBNNS.dylib
0x00007ff80915d000 	/System/Library/Frameworks/Accelerate.framework/Versions/A/Frameworks/vecLib.framework/Versions/A/libSparse.dylib
0x00007ffb10fc0000 	/System/Library/PrivateFrameworks/MIL.framework/Versions/A/MIL
0x00007ff81489a000 	/usr/lib/libiconv.2.dylib
0x00007ff8147f2000 	/usr/lib/libcharset.1.dylib
0x00007ff810da8000 	/System/Library/Frameworks/OpenDirectory.framework/Versions/A/Frameworks/CFOpenDirectory.framework/Versions/A/CFOpenDirectory
0x00007ff810d9c000 	/System/Library/Frameworks/OpenDirectory.framework/Versions/A/OpenDirectory
0x00007ff814fdb000 	/System/Library/PrivateFrameworks/APFS.framework/Versions/A/APFS
0x00007ff813d1d000 	/System/Library/Frameworks/SecurityFoundation.framework/Versions/A/SecurityFoundation
0x00007ff815054000 	/usr/lib/libutil.dylib
0x00007ffb1015e000 	/System/Library/PrivateFrameworks/InstalledContentLibrary.framework/Versions/A/InstalledContentLibrary
0x00007ff80b6a1000 	/System/Library/PrivateFrameworks/CoreServicesStore.framework/Versions/A/CoreServicesStore
0x00007ffa273a3000 	/System/Library/PrivateFrameworks/AppleMobileFileIntegrity.framework/Versions/A/AppleMobileFileIntegrity
0x00007ff90cf9e000 	/usr/lib/libmis.dylib
0x00007ff91b58f000 	/System/Library/PrivateFrameworks/MobileSystemServices.framework/Versions/A/MobileSystemServices
0x00007ffa156c4000 	/System/Library/PrivateFrameworks/ConfigProfileHelper.framework/Versions/A/ConfigProfileHelper
0x00007ff814a8e000 	/System/Library/PrivateFrameworks/AppleSauce.framework/Versions/A/AppleSauce
0x00007ff809efa000 	/System/Library/PrivateFrameworks/LanguageModeling.framework/Versions/A/LanguageModeling
0x00007ff815058000 	/usr/lib/libxslt.1.dylib
0x00007ff81498c000 	/usr/lib/libcmph.dylib
0x00007ff813ae1000 	/System/Library/PrivateFrameworks/CoreEmoji.framework/Versions/A/CoreEmoji
0x00007ff8131c6000 	/System/Library/PrivateFrameworks/LinguisticData.framework/Versions/A/LinguisticData
0x00007ff809113000 	/System/Library/PrivateFrameworks/Lexicon.framework/Versions/A/Lexicon
0x00007ff813dab000 	/System/Library/PrivateFrameworks/BackgroundTaskManagement.framework/Versions/A/BackgroundTaskManagement
0x00007ffb24466000 	/usr/lib/libTLE.dylib
0x00007ffb253c5000 	/usr/lib/swift/libswift_RegexParser.dylib
0x00007ff815e70000 	/System/Library/PrivateFrameworks/AppleJPEG.framework/Versions/A/AppleJPEG
0x00007ff8155bf000 	/usr/lib/libexpat.1.dylib
0x00007ff81651a000 	/System/Library/Frameworks/ImageIO.framework/Versions/A/Resources/libPng.dylib
0x00007ff816547000 	/System/Library/Frameworks/ImageIO.framework/Versions/A/Resources/libTIFF.dylib
0x00007ff816637000 	/System/Library/Frameworks/ImageIO.framework/Versions/A/Resources/libGIF.dylib
0x00007ff815ebb000 	/System/Library/Frameworks/ImageIO.framework/Versions/A/Resources/libJP2.dylib
0x00007ff8165d7000 	/System/Library/Frameworks/ImageIO.framework/Versions/A/Resources/libJPEG.dylib
0x00007ff8165ce000 	/System/Library/Frameworks/ImageIO.framework/Versions/A/Resources/libRadiance.dylib
0x00007ff8124a2000 	/System/Library/PrivateFrameworks/FontServices.framework/libFontParser.dylib
0x00007ff80ec52000 	/System/Library/PrivateFrameworks/RunningBoardServices.framework/Versions/A/RunningBoardServices
0x00007ff8212dd000 	/System/Library/PrivateFrameworks/IOSurfaceAccelerator.framework/Versions/A/IOSurfaceAccelerator
0x00007ff815fa2000 	/System/Library/PrivateFrameworks/WatchdogClient.framework/Versions/A/WatchdogClient
0x00007ff80a05c000 	/System/Library/Frameworks/CoreDisplay.framework/Versions/A/CoreDisplay
0x00007ff812391000 	/System/Library/Frameworks/CoreMedia.framework/Versions/A/CoreMedia
0x00007ff812183000 	/System/Library/PrivateFrameworks/IOAccelerator.framework/Versions/A/IOAccelerator
0x00007ff810f22000 	/System/Library/Frameworks/CoreVideo.framework/Versions/A/CoreVideo
0x00007ff814adc000 	/System/Library/Frameworks/MetalPerformanceShaders.framework/Versions/A/MetalPerformanceShaders
0x00007ff815fdf000 	/System/Library/Frameworks/VideoToolbox.framework/Versions/A/VideoToolbox
0x00007ff80eb96000 	/System/Library/PrivateFrameworks/BaseBoard.framework/Versions/A/BaseBoard
0x00007ff8165c7000 	/System/Library/PrivateFrameworks/GPUWrangler.framework/Versions/A/GPUWrangler
0x00007ff8165ab000 	/System/Library/PrivateFrameworks/IOPresentment.framework/Versions/A/IOPresentment
0x00007ff8165d1000 	/System/Library/PrivateFrameworks/DSExternalDisplay.framework/Versions/A/DSExternalDisplay
0x00007ffb0c7f2000 	/System/Library/PrivateFrameworks/GPUCompiler.framework/Versions/31001/Libraries/libllvm-flatbuffers.dylib
0x00007ffa1e7ac000 	/System/Library/Frameworks/OpenGL.framework/Versions/A/Libraries/libCoreFSCache.dylib
0x00007ffb0c7ee000 	/System/Library/PrivateFrameworks/GPUCompiler.framework/Versions/31001/Libraries/libGPUCompilerUtils.dylib
0x00007ff81663d000 	/System/Library/PrivateFrameworks/CMCaptureCore.framework/Versions/A/CMCaptureCore
0x00007ffa219a3000 	/System/Library/Frameworks/ExtensionFoundation.framework/Versions/A/ExtensionFoundation
0x00007ff81d069000 	/System/Library/PrivateFrameworks/CoreTime.framework/Versions/A/CoreTime
0x00007ff815b73000 	/System/Library/PrivateFrameworks/AppServerSupport.framework/Versions/A/AppServerSupport
0x00007ff817ef8000 	/System/Library/PrivateFrameworks/perfdata.framework/Versions/A/perfdata
0x00007ff80a188000 	/System/Library/PrivateFrameworks/AudioToolboxCore.framework/Versions/A/AudioToolboxCore
0x00007ff81236b000 	/System/Library/PrivateFrameworks/caulk.framework/Versions/A/caulk
0x00007ff8177c5000 	/usr/lib/libAudioStatistics.dylib
0x00007ff90c43a000 	/System/Library/PrivateFrameworks/SystemPolicy.framework/Versions/A/SystemPolicy
0x00007ff817a63000 	/usr/lib/libSMC.dylib
0x00007ff820b45000 	/System/Library/Frameworks/CoreMIDI.framework/Versions/A/CoreMIDI
0x00007ff8164e8000 	/usr/lib/libAudioToolboxUtility.dylib
0x00007ff826068000 	/System/Library/PrivateFrameworks/OSAServicesClient.framework/Versions/A/OSAServicesClient
0x00007ff817f05000 	/usr/lib/libperfcheck.dylib
0x00007ff8154a3000 	/System/Library/PrivateFrameworks/PlugInKit.framework/Versions/A/PlugInKit
0x00007ff813d10000 	/System/Library/PrivateFrameworks/AssertionServices.framework/Versions/A/AssertionServices
0x00007ffa1e807000 	/System/Library/Frameworks/OpenGL.framework/Versions/A/Libraries/libGLU.dylib
0x00007ffa1e7cb000 	/System/Library/Frameworks/OpenGL.framework/Versions/A/Libraries/libGFXShared.dylib
0x00007ffa1e9d4000 	/System/Library/Frameworks/OpenGL.framework/Versions/A/Libraries/libGL.dylib
0x00007ffa1e7d4000 	/System/Library/Frameworks/OpenGL.framework/Versions/A/Libraries/libGLImage.dylib
0x00007ffa1e7c8000 	/System/Library/Frameworks/OpenGL.framework/Versions/A/Libraries/libCVMSPluginSupport.dylib
0x00007ffb24445000 	/usr/lib/libRosetta.dylib
0x00007ffa1e7b3000 	/System/Library/Frameworks/OpenGL.framework/Versions/A/Libraries/libCoreVMClient.dylib
0x00007ff813053000 	/System/Library/Frameworks/MetalPerformanceShaders.framework/Versions/A/Frameworks/MPSCore.framework/Versions/A/MPSCore
0x00007ff8143ff000 	/System/Library/Frameworks/MetalPerformanceShaders.framework/Versions/A/Frameworks/MPSImage.framework/Versions/A/MPSImage
0x00007ff813e81000 	/System/Library/Frameworks/MetalPerformanceShaders.framework/Versions/A/Frameworks/MPSNeuralNetwork.framework/Versions/A/MPSNeuralNetwork
0x00007ff8142f4000 	/System/Library/Frameworks/MetalPerformanceShaders.framework/Versions/A/Frameworks/MPSMatrix.framework/Versions/A/MPSMatrix
0x00007ff8140af000 	/System/Library/Frameworks/MetalPerformanceShaders.framework/Versions/A/Frameworks/MPSRayIntersector.framework/Versions/A/MPSRayIntersector
0x00007ff81432e000 	/System/Library/Frameworks/MetalPerformanceShaders.framework/Versions/A/Frameworks/MPSNDArray.framework/Versions/A/MPSNDArray
0x00007ffa22d0e000 	/System/Library/Frameworks/MetalPerformanceShaders.framework/Versions/A/Frameworks/MPSFunctions.framework/Versions/A/MPSFunctions
0x00007ff808e4a000 	/System/Library/PrivateFrameworks/MetalTools.framework/Versions/A/MetalTools
0x00007ff8130d9000 	/System/Library/PrivateFrameworks/AggregateDictionary.framework/Versions/A/AggregateDictionary
0x00007ff81535e000 	/usr/lib/libIOReport.dylib
0x00007ffa1f49b000 	/System/Library/Frameworks/OpenCL.framework/Versions/A/OpenCL
0x00007ff815705000 	/System/Library/PrivateFrameworks/GraphVisualizer.framework/Versions/A/GraphVisualizer
0x00007ffb0c6f3000 	/System/Library/PrivateFrameworks/FontServices.framework/Versions/A/FontServices
0x00007ff815b2e000 	/System/Library/PrivateFrameworks/OTSVG.framework/Versions/A/OTSVG
0x00007ff810aec000 	/System/Library/Frameworks/ApplicationServices.framework/Versions/A/Frameworks/ATS.framework/Versions/A/Resources/libFontRegistry.dylib
0x00007ff815b7d000 	/System/Library/PrivateFrameworks/FontServices.framework/libhvf.dylib
0x00007ffb0c6f4000 	/System/Library/PrivateFrameworks/FontServices.framework/libXTFontStaticRegistryData.dylib
0x00007ffb1d925000 	/System/Library/PrivateFrameworks/VideoToolboxParavirtualizationSupport.framework/Versions/A/VideoToolboxParavirtualizationSupport
0x00007ff81556f000 	/System/Library/PrivateFrameworks/AppleVA.framework/Versions/A/AppleVA
0x00007ff817805000 	/System/Library/Frameworks/ApplicationServices.framework/Versions/A/Frameworks/ATS.framework/Versions/A/ATS
0x00007ff80e004000 	/System/Library/Frameworks/ApplicationServices.framework/Versions/A/Frameworks/HIServices.framework/Versions/A/HIServices
0x00007ff816649000 	/System/Library/Frameworks/ApplicationServices.framework/Versions/A/Frameworks/PrintCore.framework/Versions/A/PrintCore
0x00007ff817bb8000 	/System/Library/Frameworks/ApplicationServices.framework/Versions/A/Frameworks/QD.framework/Versions/A/QD
0x00007ff817bb0000 	/System/Library/Frameworks/ApplicationServices.framework/Versions/A/Frameworks/ColorSyncLegacy.framework/Versions/A/ColorSyncLegacy
0x00007ff8177d9000 	/System/Library/Frameworks/ApplicationServices.framework/Versions/A/Frameworks/SpeechSynthesis.framework/Versions/A/SpeechSynthesis
0x00007ff816607000 	/System/Library/Frameworks/ApplicationServices.framework/Versions/A/Frameworks/ATSUI.framework/Versions/A/ATSUI
0x00007ff817b43000 	/usr/lib/libcups.2.dylib
0x00007ff817f14000 	/System/Library/Frameworks/Kerberos.framework/Versions/A/Kerberos
0x00007ff817f23000 	/System/Library/Frameworks/GSS.framework/Versions/A/GSS
0x00007ff817873000 	/usr/lib/libresolv.9.dylib
0x00007ff815b8e000 	/System/Library/PrivateFrameworks/Heimdal.framework/Versions/A/Heimdal
0x00007ff81ec71000 	/System/Library/Frameworks/Kerberos.framework/Versions/A/Libraries/libHeimdalProxy.dylib
0x00007ff817f6e000 	/System/Library/PrivateFrameworks/CommonAuth.framework/Versions/A/CommonAuth
0x00007ffa20c79000 	/System/Library/Frameworks/AVFAudio.framework/Versions/A/AVFAudio
0x00007ff8260b1000 	/System/Library/PrivateFrameworks/AXCoreUtilities.framework/Versions/A/AXCoreUtilities
0x00007ff817755000 	/System/Library/PrivateFrameworks/AudioSession.framework/Versions/A/AudioSession
0x00007ff818d4f000 	/System/Library/Frameworks/IOBluetooth.framework/Versions/A/IOBluetooth
0x00007ff815675000 	/System/Library/PrivateFrameworks/MediaExperience.framework/Versions/A/MediaExperience
0x00007ff8175fc000 	/System/Library/PrivateFrameworks/AudioSession.framework/libSessionUtility.dylib
0x00007ff817bc4000 	/System/Library/PrivateFrameworks/AudioResourceArbitration.framework/Versions/A/AudioResourceArbitration
0x00007ff81bca8000 	/System/Library/PrivateFrameworks/PowerLog.framework/Versions/A/PowerLog
0x00007ff81bbea000 	/System/Library/Frameworks/CoreBluetooth.framework/Versions/A/CoreBluetooth
0x00007ff81ec72000 	/System/Library/Frameworks/AudioUnit.framework/Versions/A/AudioUnit
0x00007ff813b7a000 	/System/Library/PrivateFrameworks/CoreUtils.framework/Versions/A/CoreUtils
0x00007ffb0b2a4000 	/System/Library/PrivateFrameworks/CoreUtilsExtras.framework/Versions/A/CoreUtilsExtras
0x00007ffb0fff5000 	/System/Library/PrivateFrameworks/IO80211.framework/Versions/A/IO80211
0x00007ff8155e3000 	/System/Library/PrivateFrameworks/IconFoundation.framework/Versions/A/IconFoundation
0x00007ff81acc7000 	/System/Library/PrivateFrameworks/SpeechRecognitionCore.framework/Versions/A/SpeechRecognitionCore
0x000000010a023000 	/Users/alexanderdubrovin/.p2/pool/plugins/org.eclipse.justj.openjdk.hotspot.jre.full.macosx.x86_64_17.0.4.v20220903-1038/jre/lib/server/libjvm.dylib
0x0000000108ef9000 	/Users/alexanderdubrovin/.p2/pool/plugins/org.eclipse.justj.openjdk.hotspot.jre.full.macosx.x86_64_17.0.4.v20220903-1038/jre/lib/libjimage.dylib
0x0000000108f56000 	/Users/alexanderdubrovin/.p2/pool/plugins/org.eclipse.justj.openjdk.hotspot.jre.full.macosx.x86_64_17.0.4.v20220903-1038/jre/lib/libjdwp.dylib
0x0000000109002000 	/Users/alexanderdubrovin/.p2/pool/plugins/org.eclipse.justj.openjdk.hotspot.jre.full.macosx.x86_64_17.0.4.v20220903-1038/jre/lib/libjava.dylib
0x0000000108f14000 	/Users/alexanderdubrovin/.p2/pool/plugins/org.eclipse.justj.openjdk.hotspot.jre.full.macosx.x86_64_17.0.4.v20220903-1038/jre/lib/libinstrument.dylib
0x000000010932c000 	/Users/alexanderdubrovin/.p2/pool/plugins/org.eclipse.justj.openjdk.hotspot.jre.full.macosx.x86_64_17.0.4.v20220903-1038/jre/lib/libzip.dylib
0x0000000109d22000 	/Users/alexanderdubrovin/.p2/pool/plugins/org.eclipse.justj.openjdk.hotspot.jre.full.macosx.x86_64_17.0.4.v20220903-1038/jre/lib/libdt_socket.dylib
0x0000000109d3d000 	/Users/alexanderdubrovin/.p2/pool/plugins/org.eclipse.justj.openjdk.hotspot.jre.full.macosx.x86_64_17.0.4.v20220903-1038/jre/lib/libnio.dylib
0x0000000109d6f000 	/Users/alexanderdubrovin/.p2/pool/plugins/org.eclipse.justj.openjdk.hotspot.jre.full.macosx.x86_64_17.0.4.v20220903-1038/jre/lib/libnet.dylib
0x0000000109e54000 	/Users/alexanderdubrovin/.p2/pool/plugins/org.eclipse.justj.openjdk.hotspot.jre.full.macosx.x86_64_17.0.4.v20220903-1038/jre/lib/libverify.dylib
0x0000000109f2e000 	/Users/alexanderdubrovin/.p2/pool/plugins/org.eclipse.justj.openjdk.hotspot.jre.full.macosx.x86_64_17.0.4.v20220903-1038/jre/lib/libextnet.dylib


VM Arguments:
jvm_args: -XX:+ShowCodeDetailsInExceptionMessages -agentlib:jdwp=transport=dt_socket,suspend=y,address=localhost:54151 -ea -javaagent:/Users/alexanderdubrovin/eclipse/java-2022-09/Eclipse.app/Contents/Eclipse/configuration/org.eclipse.osgi/220/0/.cp/lib/javaagent-shaded.jar -Dfile.encoding=UTF-8 
java_command: org.eclipse.jdt.internal.junit.runner.RemoteTestRunner -version 3 -port 54150 -testLoaderClass org.eclipse.jdt.internal.junit5.runner.JUnit5TestLoader -loaderpluginname org.eclipse.jdt.junit5.runtime -classNames telran.util.test.LnkedHashSetTest
java_class_path (initial): /Users/alexanderdubrovin/eclipse-workspace/telran_collections/bin:/Users/alexanderdubrovin/.p2/pool/plugins/junit-jupiter-api_5.9.0.jar:/Users/alexanderdubrovin/.p2/pool/plugins/junit-jupiter-engine_5.9.0.jar:/Users/alexanderdubrovin/.p2/pool/plugins/junit-jupiter-migrationsupport_5.9.0.jar:/Users/alexanderdubrovin/.p2/pool/plugins/junit-jupiter-params_5.9.0.jar:/Users/alexanderdubrovin/.p2/pool/plugins/junit-platform-commons_1.9.0.jar:/Users/alexanderdubrovin/.p2/pool/plugins/junit-platform-engine_1.9.0.jar:/Users/alexanderdubrovin/.p2/pool/plugins/junit-platform-launcher_1.9.0.jar:/Users/alexanderdubrovin/.p2/pool/plugins/junit-platform-runner_1.9.0.jar:/Users/alexanderdubrovin/.p2/pool/plugins/junit-platform-suite-api_1.9.0.jar:/Users/alexanderdubrovin/.p2/pool/plugins/junit-platform-suite-engine_1.9.0.jar:/Users/alexanderdubrovin/.p2/pool/plugins/junit-platform-suite-commons_1.9.0.jar:/Users/alexanderdubrovin/.p2/pool/plugins/junit-vintage-engine_5.9.0.jar:/Users/alexanderdubrovin/.p2/pool/plugins/org.opentest4j_1.2.0.jar:/Users/alexanderdubrovin/.p2/pool/plugins/org.apiguardian.api_1.1.2.jar:/Users/alexanderdubrovin/.p2/pool/plugins/org.junit_4.13.2.v20211018-1956.jar:/Users/alexanderdubrovin/.p2/pool/plugins/org.hamcrest.core_1.3.0.v20180420-1519.jar:/Users/alexanderdubrovin/eclipse/java-2022-09/Eclipse.app/Contents/Eclipse/configuration/org.eclipse.osgi/219/0/.cp:/Users/alexanderdubrovin/eclipse/java-2022-09/Eclipse.app/Contents/Eclipse/configuration/org.eclipse.osgi/217/0/.cp
Launcher Type: SUN_STANDARD

[Global flags]
     intx CICompilerCount                          = 4                                         {product} {ergonomic}
     uint ConcGCThreads                            = 2                                         {product} {ergonomic}
     uint G1ConcRefinementThreads                  = 8                                         {product} {ergonomic}
   size_t G1HeapRegionSize                         = 4194304                                   {product} {ergonomic}
    uintx GCDrainStackTargetSize                   = 64                                        {product} {ergonomic}
   size_t InitialHeapSize                          = 536870912                                 {product} {ergonomic}
   size_t MarkStackSize                            = 4194304                                   {product} {ergonomic}
   size_t MaxHeapSize                              = 8589934592                                {product} {ergonomic}
   size_t MaxNewSize                               = 5150605312                                {product} {ergonomic}
   size_t MinHeapDeltaBytes                        = 4194304                                   {product} {ergonomic}
   size_t MinHeapSize                              = 8388608                                   {product} {ergonomic}
    uintx NonNMethodCodeHeapSize                   = 5839372                                {pd product} {ergonomic}
    uintx NonProfiledCodeHeapSize                  = 122909434                              {pd product} {ergonomic}
    uintx ProfiledCodeHeapSize                     = 122909434                              {pd product} {ergonomic}
    uintx ReservedCodeCacheSize                    = 251658240                              {pd product} {ergonomic}
     bool SegmentedCodeCache                       = true                                      {product} {ergonomic}
     bool ShowCodeDetailsInExceptionMessages       = true                                   {manageable} {command line}
   size_t SoftMaxHeapSize                          = 8589934592                             {manageable} {ergonomic}
     bool UseCompressedClassPointers               = true                           {product lp64_product} {ergonomic}
     bool UseCompressedOops                        = true                           {product lp64_product} {ergonomic}
     bool UseG1GC                                  = true                                      {product} {ergonomic}
     bool UseNUMA                                  = false                                     {product} {ergonomic}
     bool UseNUMAInterleaving                      = false                                     {product} {ergonomic}

Logging:
Log output configuration:
 #0: stdout all=warning uptime,level,tags
 #1: stderr all=off uptime,level,tags

Environment Variables:
PATH=/usr/bin:/bin:/usr/sbin:/sbin
SHELL=/bin/zsh
TMPDIR=/var/folders/rf/jbcd5_nn1zsdclll_lhy237r0000gn/T/

Signal Handlers:
   SIGSEGV: crash_handler in libjvm.dylib, mask=11100110100111111111111111111111, flags=SA_RESTART|SA_SIGINFO
    SIGBUS: crash_handler in libjvm.dylib, mask=11100110100111111111111111111111, flags=SA_RESTART|SA_SIGINFO
    SIGFPE: crash_handler in libjvm.dylib, mask=11100110100111111111111111111111, flags=SA_RESTART|SA_SIGINFO
   SIGPIPE: javaSignalHandler in libjvm.dylib, mask=11100110100111111111111111111111, flags=SA_RESTART|SA_SIGINFO
   SIGXFSZ: javaSignalHandler in libjvm.dylib, mask=11100110100111111111111111111111, flags=SA_RESTART|SA_SIGINFO
    SIGILL: crash_handler in libjvm.dylib, mask=11100110100111111111111111111111, flags=SA_RESTART|SA_SIGINFO
   SIGUSR2: SR_handler in libjvm.dylib, mask=00100000000000000000000000000000, flags=SA_RESTART|SA_SIGINFO
    SIGHUP: UserHandler in libjvm.dylib, mask=11100110100111111111111111111111, flags=SA_RESTART|SA_SIGINFO
    SIGINT: UserHandler in libjvm.dylib, mask=11100110100111111111111111111111, flags=SA_RESTART|SA_SIGINFO
   SIGTERM: UserHandler in libjvm.dylib, mask=11100110100111111111111111111111, flags=SA_RESTART|SA_SIGINFO
   SIGQUIT: UserHandler in libjvm.dylib, mask=11100110100111111111111111111111, flags=SA_RESTART|SA_SIGINFO
  *** Handler was modified!
  *** Expected: javaSignalHandler in libjvm.dylib, mask=11100110100111111111111111111111, flags=SA_RESTART|SA_SIGINFO
   SIGTRAP: crash_handler in libjvm.dylib, mask=11100110100111111111111111111111, flags=SA_RESTART|SA_SIGINFO


---------------  S Y S T E M  ---------------

OS:
uname: Darwin 22.2.0 Darwin Kernel Version 22.2.0: Fri Nov 11 02:03:51 PST 2022; root:xnu-8792.61.2~4/RELEASE_ARM64_T6000 x86_64
OS uptime: 57 days 9:58 hours
rlimit (soft/hard): STACK 8176k/65520k , CORE 0k/infinity , NPROC 5333/8000 , NOFILE 10240/infinity , AS infinity/infinity , CPU infinity/infinity , DATA infinity/infinity , FSIZE infinity/infinity , MEMLOCK infinity/infinity , RSS infinity/infinity
load average: 2.02 1.79 1.68

CPU: (EMULATED) total 8 (initial active 8) (1 cores per cpu, 1 threads per core) family 6 model 44 stepping 0 microcode 0x0, cx8, cmov, fxsr, mmx, sse, sse2, sse3, ssse3, sse4.1, sse4.2, popcnt, tsc, tscinvbit, aes, clmul, clflush

Memory: 4k page, physical 33554432k(40648k free), swap 5242880k(1752768k free)

vm_info: OpenJDK 64-Bit Server VM (17.0.4.1+1) for bsd-amd64 JRE (17.0.4.1+1), built on Aug 17 2022 13:35:43 by "temurin" with clang 4.2.1 Compatible Apple LLVM 10.0.1 (clang-1001.0.46.4)

END.
